IP Upgrade report for lab9
Tue Nov 24 10:05:00 2020
Quartus Prime Version 18.1.0 Build 625 09/12/2018 SJ Lite Edition


---------------------
; Table of Contents ;
---------------------
  1. Legal Notice
  2. IP Upgrade Summary
  3. Successfully Upgraded IP Components
  4. IP Upgrade Messages



----------------
; Legal Notice ;
----------------
Copyright (C) 2018  Intel Corporation. All rights reserved.
Your use of Intel Corporation's design tools, logic functions 
and other software and tools, and its AMPP partner logic 
functions, and any output files from any of the foregoing 
(including device programming or simulation files), and any 
associated documentation or information are expressly subject 
to the terms and conditions of the Intel Program License 
Subscription Agreement, the Intel Quartus Prime License Agreement,
the Intel FPGA IP License Agreement, or other applicable license
agreement, including, without limitation, that your use is for
the sole purpose of programming logic devices manufactured by
Intel and sold by Intel or its authorized distributors.  Please
refer to the applicable agreement for further details.



+----------------------------------------------------------------------------+
; IP Upgrade Summary                                                         ;
+------------------------------+---------------------------------------------+
; IP Components Upgrade Status ; Passed - Tue Nov 24 10:05:00 2020           ;
; Quartus Prime Version        ; 18.1.0 Build 625 09/12/2018 SJ Lite Edition ;
; Revision Name                ; lab9                                        ;
; Top-level Entity Name        ; lab9_top                                    ;
; Family                       ; Cyclone IV E                                ;
+------------------------------+---------------------------------------------+


+---------------------------------------------------------------------------------------------------------------------------------------------+
; Successfully Upgraded IP Components                                                                                                         ;
+-------------+----------------+---------+---------------------------------+----------------------+---------------------------------+---------+
; Entity Name ; Component Name ; Version ; Original Source File            ; Generation File Path ; New Source File                 ; Message ;
+-------------+----------------+---------+---------------------------------+----------------------+---------------------------------+---------+
; lab9_soc    ; Qsys           ; 18.0    ; lab9_soc/synthesis/lab9_soc.qip ; lab9_soc.qsys        ; lab9_soc/synthesis/lab9_soc.qip ;         ;
+-------------+----------------+---------+---------------------------------+----------------------+---------------------------------+---------+


+---------------------+
; IP Upgrade Messages ;
+---------------------+
Info (11902): Backing up file "lab9_soc.qsys" to "lab9_soc.BAK.qsys"
Info (11902): Backing up file "lab9_soc/synthesis/lab9_soc.v" to "lab9_soc.BAK.v"
Info (11837): Started upgrading IP component Qsys with file "lab9_soc.qsys"
Info: 2020.11.24.10:03:19 Info: Starting to upgrade the IP cores in the Platform Designer system
Info: 2020.11.24.10:03:19 Info: Finished upgrading the ip cores
Info: 2020.11.24.10:03:27 Info: Saving generation log to D:/ece385/common/ECE-385/lab9_week2_11.24/lab9_soc
Info: 2020.11.24.10:03:27 Info: Starting: Create simulation model
Info: 2020.11.24.10:03:27 Info: qsys-generate D:\ece385\common\ECE-385\lab9_week2_11.24\lab9_soc.qsys --simulation=VERILOG --allow-mixed-language-simulation --output-directory=D:\ece385\common\ECE-385\lab9_week2_11.24\lab9_soc\simulation --family="Cyclone IV E" --part=EP4CE115F29C7
Info: 2020.11.24.10:03:27 Info: Loading lab9_week2_11.24
Info: 2020.11.24.10:03:28 Info: Reading input file
Info: 2020.11.24.10:03:28 Info: Adding AES [AES_Decryption_Core 1.0]
Info: 2020.11.24.10:03:28 Info: Parameterizing module AES
Info: 2020.11.24.10:03:28 Info: Adding clk_0 [clock_source 18.1]
Info: 2020.11.24.10:03:28 Info: Parameterizing module clk_0
Info: 2020.11.24.10:03:28 Info: Adding jtag_uart_0 [altera_avalon_jtag_uart 18.1]
Info: 2020.11.24.10:03:28 Info: Parameterizing module jtag_uart_0
Info: 2020.11.24.10:03:28 Info: Adding nios2_gen2_0 [altera_nios2_gen2 18.1]
Info: 2020.11.24.10:03:28 Info: Parameterizing module nios2_gen2_0
Info: 2020.11.24.10:03:28 Info: Adding onchip_memory2_0 [altera_avalon_onchip_memory2 18.1]
Info: 2020.11.24.10:03:28 Info: Parameterizing module onchip_memory2_0
Info: 2020.11.24.10:03:28 Info: Adding sdram [altera_avalon_new_sdram_controller 18.1]
Info: 2020.11.24.10:03:28 Info: Parameterizing module sdram
Info: 2020.11.24.10:03:28 Info: Adding sdram_pll [altpll 18.1]
Info: 2020.11.24.10:03:28 Info: Parameterizing module sdram_pll
Info: 2020.11.24.10:03:28 Info: Adding sysid_qsys_0 [altera_avalon_sysid_qsys 18.1]
Info: 2020.11.24.10:03:28 Info: Parameterizing module sysid_qsys_0
Info: 2020.11.24.10:03:28 Info: Adding timer_0 [altera_avalon_timer 18.1]
Info: 2020.11.24.10:03:28 Info: Parameterizing module timer_0
Info: 2020.11.24.10:03:28 Info: Building connections
Info: 2020.11.24.10:03:28 Info: Parameterizing connections
Info: 2020.11.24.10:03:28 Info: Validating
Info: 2020.11.24.10:03:29 Info: Done reading input file
Warning: 2020.11.24.10:03:30 Warning: lab9_soc.AES_Decryption_Core: The SIM_VERILOG fileset must specify the top-level module name.
Info: 2020.11.24.10:03:30 Info: lab9_soc.jtag_uart_0: JTAG UART IP input clock need to be at least double (2x) the operating frequency of JTAG TCK on board
Info: 2020.11.24.10:03:30 Info: lab9_soc.sdram: SDRAM Controller will only be supported in Quartus Prime Standard Edition in the future release.
Info: 2020.11.24.10:03:30 Info: lab9_soc.sysid_qsys_0: System ID is not assigned automatically. Edit the System ID parameter to provide a unique ID
Info: 2020.11.24.10:03:30 Info: lab9_soc.sysid_qsys_0: Time stamp will be automatically updated when this component is generated.
Info: 2020.11.24.10:03:30 Info: lab9_soc: Generating lab9_soc "lab9_soc" for SIM_VERILOG
Info: 2020.11.24.10:03:34 Info: Inserting clock-crossing logic between cmd_demux.src6 and cmd_mux_006.sink0
Info: 2020.11.24.10:03:34 Info: Inserting clock-crossing logic between cmd_demux_001.src4 and cmd_mux_006.sink1
Info: 2020.11.24.10:03:34 Info: Inserting clock-crossing logic between rsp_demux_006.src0 and rsp_mux.sink6
Info: 2020.11.24.10:03:34 Info: Inserting clock-crossing logic between rsp_demux_006.src1 and rsp_mux_001.sink4
Info: 2020.11.24.10:03:38 Info: AES: "lab9_soc" instantiated AES_Decryption_Core "AES"
Info: 2020.11.24.10:03:39 Info: jtag_uart_0: Starting RTL generation for module 'lab9_soc_jtag_uart_0'
Info: 2020.11.24.10:03:39 Info: jtag_uart_0:   Generation command is [exec D:/ece385/quartus/bin64/perl/bin/perl.exe -I D:/ece385/quartus/bin64/perl/lib -I D:/ece385/quartus/sopc_builder/bin/europa -I D:/ece385/quartus/sopc_builder/bin/perl_lib -I D:/ece385/quartus/sopc_builder/bin -I D:/ece385/quartus/../ip/altera/sopc_builder_ip/common -I D:/ece385/quartus/../ip/altera/sopc_builder_ip/altera_avalon_jtag_uart -- D:/ece385/quartus/../ip/altera/sopc_builder_ip/altera_avalon_jtag_uart/generate_rtl.pl --name=lab9_soc_jtag_uart_0 --dir=C:/Users/HP/AppData/Local/Temp/alt8590_8052248364048427452.dir/0003_jtag_uart_0_gen/ --quartus_dir=D:/ece385/quartus --verilog --config=C:/Users/HP/AppData/Local/Temp/alt8590_8052248364048427452.dir/0003_jtag_uart_0_gen//lab9_soc_jtag_uart_0_component_configuration.pl  --do_build_sim=1    --sim_dir=C:/Users/HP/AppData/Local/Temp/alt8590_8052248364048427452.dir/0003_jtag_uart_0_gen
Info: 2020.11.24.10:03:40 Info: jtag_uart_0: Done RTL generation for module 'lab9_soc_jtag_uart_0'
Info: 2020.11.24.10:03:40 Info: jtag_uart_0: "lab9_soc" instantiated altera_avalon_jtag_uart "jtag_uart_0"
Info: 2020.11.24.10:03:41 Info: nios2_gen2_0: "lab9_soc" instantiated altera_nios2_gen2 "nios2_gen2_0"
Info: 2020.11.24.10:03:41 Info: onchip_memory2_0: Starting RTL generation for module 'lab9_soc_onchip_memory2_0'
Info: 2020.11.24.10:03:41 Info: onchip_memory2_0:   Generation command is [exec D:/ece385/quartus/bin64/perl/bin/perl.exe -I D:/ece385/quartus/bin64/perl/lib -I D:/ece385/quartus/sopc_builder/bin/europa -I D:/ece385/quartus/sopc_builder/bin/perl_lib -I D:/ece385/quartus/sopc_builder/bin -I D:/ece385/quartus/../ip/altera/sopc_builder_ip/common -I D:/ece385/quartus/../ip/altera/sopc_builder_ip/altera_avalon_onchip_memory2 -- D:/ece385/quartus/../ip/altera/sopc_builder_ip/altera_avalon_onchip_memory2/generate_rtl.pl --name=lab9_soc_onchip_memory2_0 --dir=C:/Users/HP/AppData/Local/Temp/alt8590_8052248364048427452.dir/0004_onchip_memory2_0_gen/ --quartus_dir=D:/ece385/quartus --verilog --config=C:/Users/HP/AppData/Local/Temp/alt8590_8052248364048427452.dir/0004_onchip_memory2_0_gen//lab9_soc_onchip_memory2_0_component_configuration.pl  --do_build_sim=1    --sim_dir=C:/Users/HP/AppData/Local/Temp/alt8590_8052248364048427452.dir/0004_onchip_memory2_0_gen
Info: 2020.11.24.10:03:41 Info: onchip_memory2_0: Done RTL generation for module 'lab9_soc_onchip_memory2_0'
Info: 2020.11.24.10:03:41 Info: onchip_memory2_0: "lab9_soc" instantiated altera_avalon_onchip_memory2 "onchip_memory2_0"
Info: 2020.11.24.10:03:41 Info: sdram: Starting RTL generation for module 'lab9_soc_sdram'
Info: 2020.11.24.10:03:41 Info: sdram:   Generation command is [exec D:/ece385/quartus/bin64/perl/bin/perl.exe -I D:/ece385/quartus/bin64/perl/lib -I D:/ece385/quartus/sopc_builder/bin/europa -I D:/ece385/quartus/sopc_builder/bin/perl_lib -I D:/ece385/quartus/sopc_builder/bin -I D:/ece385/quartus/../ip/altera/sopc_builder_ip/common -I D:/ece385/quartus/../ip/altera/sopc_builder_ip/altera_avalon_new_sdram_controller -- D:/ece385/quartus/../ip/altera/sopc_builder_ip/altera_avalon_new_sdram_controller/generate_rtl.pl --name=lab9_soc_sdram --dir=C:/Users/HP/AppData/Local/Temp/alt8590_8052248364048427452.dir/0005_sdram_gen/ --quartus_dir=D:/ece385/quartus --verilog --config=C:/Users/HP/AppData/Local/Temp/alt8590_8052248364048427452.dir/0005_sdram_gen//lab9_soc_sdram_component_configuration.pl  --do_build_sim=1    --sim_dir=C:/Users/HP/AppData/Local/Temp/alt8590_8052248364048427452.dir/0005_sdram_gen
Info: 2020.11.24.10:03:42 Info: sdram: Done RTL generation for module 'lab9_soc_sdram'
Info: 2020.11.24.10:03:42 Info: sdram: "lab9_soc" instantiated altera_avalon_new_sdram_controller "sdram"
Info: 2020.11.24.10:03:44 Info: sdram_pll: Generating Verilog simulation model
Warning: 2020.11.24.10:03:55 Warning: Number of processors has not been specified which may cause overloading on shared machines.  Set the global assignment NUM_PARALLEL_PROCESSORS in your QSF to an appropriate value for best performance.
Info: 2020.11.24.10:03:55 Info: sdram_pll: Generated simulation model lab9_soc_sdram_pll.vo
Info: 2020.11.24.10:03:55 Info: sdram_pll: "lab9_soc" instantiated altpll "sdram_pll"
Info: 2020.11.24.10:03:55 Info: sysid_qsys_0: "lab9_soc" instantiated altera_avalon_sysid_qsys "sysid_qsys_0"
Info: 2020.11.24.10:03:55 Info: timer_0: Starting RTL generation for module 'lab9_soc_timer_0'
Info: 2020.11.24.10:03:55 Info: timer_0:   Generation command is [exec D:/ece385/quartus/bin64//perl/bin/perl.exe -I D:/ece385/quartus/bin64//perl/lib -I D:/ece385/quartus/sopc_builder/bin/europa -I D:/ece385/quartus/sopc_builder/bin/perl_lib -I D:/ece385/quartus/sopc_builder/bin -I D:/ece385/quartus/../ip/altera/sopc_builder_ip/common -I D:/ece385/quartus/../ip/altera/sopc_builder_ip/altera_avalon_timer -- D:/ece385/quartus/../ip/altera/sopc_builder_ip/altera_avalon_timer/generate_rtl.pl --name=lab9_soc_timer_0 --dir=C:/Users/HP/AppData/Local/Temp/alt8590_8052248364048427452.dir/0011_timer_0_gen/ --quartus_dir=D:/ece385/quartus --verilog --config=C:/Users/HP/AppData/Local/Temp/alt8590_8052248364048427452.dir/0011_timer_0_gen//lab9_soc_timer_0_component_configuration.pl  --do_build_sim=1    --sim_dir=C:/Users/HP/AppData/Local/Temp/alt8590_8052248364048427452.dir/0011_timer_0_gen
Info: 2020.11.24.10:03:55 Info: timer_0: Done RTL generation for module 'lab9_soc_timer_0'
Info: 2020.11.24.10:03:55 Info: timer_0: "lab9_soc" instantiated altera_avalon_timer "timer_0"
Info: 2020.11.24.10:04:03 Info: avalon_st_adapter: Inserting error_adapter: error_adapter_0
Info: 2020.11.24.10:04:04 Info: avalon_st_adapter_001: Inserting error_adapter: error_adapter_0
Info: 2020.11.24.10:04:04 Info: avalon_st_adapter_002: Inserting error_adapter: error_adapter_0
Info: 2020.11.24.10:04:05 Info: avalon_st_adapter_003: Inserting error_adapter: error_adapter_0
Info: 2020.11.24.10:04:06 Info: avalon_st_adapter_004: Inserting error_adapter: error_adapter_0
Info: 2020.11.24.10:04:06 Info: avalon_st_adapter_005: Inserting error_adapter: error_adapter_0
Info: 2020.11.24.10:04:07 Info: avalon_st_adapter_006: Inserting error_adapter: error_adapter_0
Info: 2020.11.24.10:04:08 Info: avalon_st_adapter_007: Inserting error_adapter: error_adapter_0
Info: 2020.11.24.10:04:14 Info: mm_interconnect_0: "lab9_soc" instantiated altera_mm_interconnect "mm_interconnect_0"
Info: 2020.11.24.10:04:14 Info: irq_mapper: "lab9_soc" instantiated altera_irq_mapper "irq_mapper"
Info: 2020.11.24.10:04:14 Info: rst_controller: "lab9_soc" instantiated altera_reset_controller "rst_controller"
Info: 2020.11.24.10:04:14 Info: cpu: Starting RTL generation for module 'lab9_soc_nios2_gen2_0_cpu'
Info: 2020.11.24.10:04:14 Info: cpu:   Generation command is [exec D:/ece385/quartus/bin64//eperlcmd.exe -I D:/ece385/quartus/bin64//perl/lib -I D:/ece385/quartus/sopc_builder/bin/europa -I D:/ece385/quartus/sopc_builder/bin/perl_lib -I D:/ece385/quartus/sopc_builder/bin -I D:/ece385/quartus/../ip/altera/nios2_ip/altera_nios2_gen2/cpu_lib -I D:/ece385/quartus/../ip/altera/nios2_ip/altera_nios2_gen2/nios_lib -I D:/ece385/quartus/../ip/altera/nios2_ip/altera_nios2_gen2 -I D:/ece385/quartus/../ip/altera/nios2_ip/altera_nios2_gen2 -- D:/ece385/quartus/../ip/altera/nios2_ip/altera_nios2_gen2/generate_rtl.epl --name=lab9_soc_nios2_gen2_0_cpu --dir=C:/Users/HP/AppData/Local/Temp/alt8590_8052248364048427452.dir/0014_cpu_gen/ --quartus_bindir=D:/ece385/quartus/bin64/ --verilog --config=C:/Users/HP/AppData/Local/Temp/alt8590_8052248364048427452.dir/0014_cpu_gen//lab9_soc_nios2_gen2_0_cpu_processor_configuration.pl  --do_build_sim=1    --sim_dir=C:/Users/HP/AppData/Local/Temp/alt8590_8052248364048427452.dir/0014_cpu_gen
Info: 2020.11.24.10:04:18 Info: cpu: # 2020.11.24 10:04:15 (*) Starting Nios II generation
Info: 2020.11.24.10:04:18 Info: cpu: # 2020.11.24 10:04:15 (*)   Checking for plaintext license.
Info: 2020.11.24.10:04:18 Info: cpu: # 2020.11.24 10:04:16 (*)   Couldn't query license setup in Quartus directory D:/ece385/quartus/bin64
Info: 2020.11.24.10:04:18 Info: cpu: # 2020.11.24 10:04:16 (*)   Defaulting to contents of LM_LICENSE_FILE environment variable
Info: 2020.11.24.10:04:18 Info: cpu: # 2020.11.24 10:04:16 (*)   LM_LICENSE_FILE environment variable is empty
Info: 2020.11.24.10:04:18 Info: cpu: # 2020.11.24 10:04:16 (*)   Plaintext license not found.
Info: 2020.11.24.10:04:18 Info: cpu: # 2020.11.24 10:04:16 (*)   No license required to generate encrypted Nios II
Info: 2020.11.24.10:04:18 Info: cpu: # 2020.11.24 10:04:16 (*)   Elaborating CPU configuration settings
Info: 2020.11.24.10:04:18 Info: cpu: # 2020.11.24 10:04:16 (*)   Creating all objects for CPU
Info: 2020.11.24.10:04:18 Info: cpu: # 2020.11.24 10:04:17 (*)   Creating 'C:/Users/HP/AppData/Local/Temp/alt8590_8052248364048427452.dir/0014_cpu_gen/
Info: 2020.11.24.10:04:18 Info: cpu: # 2020.11.24 10:04:17 (*)   Generating RTL from CPU objects
Info: 2020.11.24.10:04:18 Info: cpu: # 2020.11.24 10:04:17 (*)   Creating plain-text RTL
Info: 2020.11.24.10:04:18 Info: cpu: # 2020.11.24 10:04:18 (*) Done Nios II generation
Info: 2020.11.24.10:04:18 Info: cpu: Done RTL generation for module 'lab9_soc_nios2_gen2_0_cpu'
Info: 2020.11.24.10:04:18 Info: cpu: "nios2_gen2_0" instantiated altera_nios2_gen2_unit "cpu"
Info: 2020.11.24.10:04:18 Info: nios2_gen2_0_data_master_translator: "mm_interconnect_0" instantiated altera_merlin_master_translator "nios2_gen2_0_data_master_translator"
Info: 2020.11.24.10:04:18 Info: AES_AES_Slave_translator: "mm_interconnect_0" instantiated altera_merlin_slave_translator "AES_AES_Slave_translator"
Info: 2020.11.24.10:04:18 Info: nios2_gen2_0_data_master_agent: "mm_interconnect_0" instantiated altera_merlin_master_agent "nios2_gen2_0_data_master_agent"
Info: 2020.11.24.10:04:18 Info: AES_AES_Slave_agent: "mm_interconnect_0" instantiated altera_merlin_slave_agent "AES_AES_Slave_agent"
Info: 2020.11.24.10:04:18 Info: AES_AES_Slave_agent_rsp_fifo: "mm_interconnect_0" instantiated altera_avalon_sc_fifo "AES_AES_Slave_agent_rsp_fifo"
Info: 2020.11.24.10:04:18 Info: router: "mm_interconnect_0" instantiated altera_merlin_router "router"
Info: 2020.11.24.10:04:18 Info: router_001: "mm_interconnect_0" instantiated altera_merlin_router "router_001"
Info: 2020.11.24.10:04:18 Info: router_002: "mm_interconnect_0" instantiated altera_merlin_router "router_002"
Info: 2020.11.24.10:04:18 Info: router_004: "mm_interconnect_0" instantiated altera_merlin_router "router_004"
Info: 2020.11.24.10:04:18 Info: cmd_demux: "mm_interconnect_0" instantiated altera_merlin_demultiplexer "cmd_demux"
Info: 2020.11.24.10:04:18 Info: cmd_demux_001: "mm_interconnect_0" instantiated altera_merlin_demultiplexer "cmd_demux_001"
Info: 2020.11.24.10:04:18 Info: cmd_mux: "mm_interconnect_0" instantiated altera_merlin_multiplexer "cmd_mux"
Info: 2020.11.24.10:04:18 Info: cmd_mux_002: "mm_interconnect_0" instantiated altera_merlin_multiplexer "cmd_mux_002"
Info: 2020.11.24.10:04:18 Info: Reusing file D:/ece385/common/ECE-385/lab9_week2_11.24/lab9_soc/simulation/submodules
Info: 2020.11.24.10:04:18 Info: rsp_demux: "mm_interconnect_0" instantiated altera_merlin_demultiplexer "rsp_demux"
Info: 2020.11.24.10:04:18 Info: rsp_demux_002: "mm_interconnect_0" instantiated altera_merlin_demultiplexer "rsp_demux_002"
Info: 2020.11.24.10:04:18 Info: rsp_mux: "mm_interconnect_0" instantiated altera_merlin_multiplexer "rsp_mux"
Info: 2020.11.24.10:04:18 Info: Reusing file D:/ece385/common/ECE-385/lab9_week2_11.24/lab9_soc/simulation/submodules
Info: 2020.11.24.10:04:18 Info: rsp_mux_001: "mm_interconnect_0" instantiated altera_merlin_multiplexer "rsp_mux_001"
Info: 2020.11.24.10:04:18 Info: Reusing file D:/ece385/common/ECE-385/lab9_week2_11.24/lab9_soc/simulation/submodules
Info: 2020.11.24.10:04:19 Info: crosser: "mm_interconnect_0" instantiated altera_avalon_st_handshake_clock_crosser "crosser"
Info: 2020.11.24.10:04:20 Info: avalon_st_adapter: "mm_interconnect_0" instantiated altera_avalon_st_adapter "avalon_st_adapter"
Info: 2020.11.24.10:04:20 Info: error_adapter_0: "avalon_st_adapter" instantiated error_adapter "error_adapter_0"
Info: 2020.11.24.10:04:20 Info: lab9_soc: Done "lab9_soc" with 33 modules, 57 files
Info: 2020.11.24.10:04:20 Info: qsys-generate succeeded.
Info: 2020.11.24.10:04:20 Info: Finished: Create simulation model
Info: 2020.11.24.10:04:20 Info: Starting: Create Modelsim Project.
Info: 2020.11.24.10:04:20 Info: sim-script-gen --spd=D:\ece385\common\ECE-385\lab9_week2_11.24\lab9_soc\lab9_soc.spd --output-directory=D:/ece385/common/ECE-385/lab9_week2_11.24/lab9_soc/simulation
Info: 2020.11.24.10:04:20 Info: Doing: ip-make-simscript --spd=D:\ece385\common\ECE-385\lab9_week2_11.24\lab9_soc\lab9_soc.spd --output-directory=D:/ece385/common/ECE-385/lab9_week2_11.24/lab9_soc/simulation
Info: 2020.11.24.10:04:21 Info: Generating the following file(s) for MODELSIM simulator in D:/ece385/common/ECE-385/lab9_week2_11.24/lab9_soc/simulation
Info: 2020.11.24.10:04:21 Info:     mentor
Info: 2020.11.24.10:04:21 Info: Generating the following file(s) for VCS simulator in D:/ece385/common/ECE-385/lab9_week2_11.24/lab9_soc/simulation
Info: 2020.11.24.10:04:21 Info:     synopsys/vcs
Info: 2020.11.24.10:04:21 Info: Generating the following file(s) for VCSMX simulator in D:/ece385/common/ECE-385/lab9_week2_11.24/lab9_soc/simulation
Info: 2020.11.24.10:04:21 Info:     synopsys/vcsmx
Info: 2020.11.24.10:04:21 Info:     synopsys/vcsmx
Info: 2020.11.24.10:04:21 Info: Generating the following file(s) for NCSIM simulator in D:/ece385/common/ECE-385/lab9_week2_11.24/lab9_soc/simulation
Info: 2020.11.24.10:04:21 Info:     cadence
Info: 2020.11.24.10:04:21 Info:     cadence
Info: 2020.11.24.10:04:21 Info:     cadence
Info: 2020.11.24.10:04:21 Info:     32 .cds.lib files in cadence/cds_libs
Info: 2020.11.24.10:04:21 Info: Generating the following file(s) for RIVIERA simulator in D:/ece385/common/ECE-385/lab9_week2_11.24/lab9_soc/simulation
Info: 2020.11.24.10:04:21 Info:     aldec
Info: 2020.11.24.10:04:21 Info: For information on how to simulate your IP, see the explanatory comments in the simulator-specific subdirectories under D:/ece385/common/ECE-385/lab9_week2_11.24/lab9_soc/simulation
Info: 2020.11.24.10:04:21 Info: Regenerate these scripts whenever you make any change to any Quartus-generated IP in your project.
Info: 2020.11.24.10:04:21 Info: Finished: Create Modelsim Project.
Info: 2020.11.24.10:04:21 Info: Starting: Create block symbol file (.bsf)
Info: 2020.11.24.10:04:21 Info: qsys-generate D:\ece385\common\ECE-385\lab9_week2_11.24\lab9_soc.qsys --block-symbol-file --output-directory=D:\ece385\common\ECE-385\lab9_week2_11.24\lab9_soc --family="Cyclone IV E" --part=EP4CE115F29C7
Info: 2020.11.24.10:04:21 Info: Loading lab9_week2_11.24
Info: 2020.11.24.10:04:22 Info: Reading input file
Info: 2020.11.24.10:04:22 Info: Adding AES [AES_Decryption_Core 1.0]
Info: 2020.11.24.10:04:22 Info: Parameterizing module AES
Info: 2020.11.24.10:04:22 Info: Adding clk_0 [clock_source 18.1]
Info: 2020.11.24.10:04:22 Info: Parameterizing module clk_0
Info: 2020.11.24.10:04:22 Info: Adding jtag_uart_0 [altera_avalon_jtag_uart 18.1]
Info: 2020.11.24.10:04:22 Info: Parameterizing module jtag_uart_0
Info: 2020.11.24.10:04:22 Info: Adding nios2_gen2_0 [altera_nios2_gen2 18.1]
Info: 2020.11.24.10:04:22 Info: Parameterizing module nios2_gen2_0
Info: 2020.11.24.10:04:22 Info: Adding onchip_memory2_0 [altera_avalon_onchip_memory2 18.1]
Info: 2020.11.24.10:04:22 Info: Parameterizing module onchip_memory2_0
Info: 2020.11.24.10:04:22 Info: Adding sdram [altera_avalon_new_sdram_controller 18.1]
Info: 2020.11.24.10:04:22 Info: Parameterizing module sdram
Info: 2020.11.24.10:04:22 Info: Adding sdram_pll [altpll 18.1]
Info: 2020.11.24.10:04:22 Info: Parameterizing module sdram_pll
Info: 2020.11.24.10:04:22 Info: Adding sysid_qsys_0 [altera_avalon_sysid_qsys 18.1]
Info: 2020.11.24.10:04:22 Info: Parameterizing module sysid_qsys_0
Info: 2020.11.24.10:04:22 Info: Adding timer_0 [altera_avalon_timer 18.1]
Info: 2020.11.24.10:04:22 Info: Parameterizing module timer_0
Info: 2020.11.24.10:04:22 Info: Building connections
Info: 2020.11.24.10:04:22 Info: Parameterizing connections
Info: 2020.11.24.10:04:22 Info: Validating
Info: 2020.11.24.10:04:22 Info: Done reading input file
Warning: 2020.11.24.10:04:24 Warning: lab9_soc.AES_Decryption_Core: The SIM_VERILOG fileset must specify the top-level module name.
Info: 2020.11.24.10:04:24 Info: lab9_soc.jtag_uart_0: JTAG UART IP input clock need to be at least double (2x) the operating frequency of JTAG TCK on board
Info: 2020.11.24.10:04:24 Info: lab9_soc.sdram: SDRAM Controller will only be supported in Quartus Prime Standard Edition in the future release.
Info: 2020.11.24.10:04:24 Info: lab9_soc.sysid_qsys_0: System ID is not assigned automatically. Edit the System ID parameter to provide a unique ID
Info: 2020.11.24.10:04:24 Info: lab9_soc.sysid_qsys_0: Time stamp will be automatically updated when this component is generated.
Info: 2020.11.24.10:04:24 Info: qsys-generate succeeded.
Info: 2020.11.24.10:04:24 Info: Finished: Create block symbol file (.bsf)
Info: 2020.11.24.10:04:24 Info:
Info: 2020.11.24.10:04:24 Info: Starting: Create HDL design files for synthesis
Info: 2020.11.24.10:04:24 Info: qsys-generate D:\ece385\common\ECE-385\lab9_week2_11.24\lab9_soc.qsys --synthesis=VERILOG --output-directory=D:\ece385\common\ECE-385\lab9_week2_11.24\lab9_soc\synthesis --family="Cyclone IV E" --part=EP4CE115F29C7
Info: 2020.11.24.10:04:24 Info: Loading lab9_week2_11.24
Info: 2020.11.24.10:04:25 Info: Reading input file
Info: 2020.11.24.10:04:25 Info: Adding AES [AES_Decryption_Core 1.0]
Info: 2020.11.24.10:04:25 Info: Parameterizing module AES
Info: 2020.11.24.10:04:25 Info: Adding clk_0 [clock_source 18.1]
Info: 2020.11.24.10:04:25 Info: Parameterizing module clk_0
Info: 2020.11.24.10:04:25 Info: Adding jtag_uart_0 [altera_avalon_jtag_uart 18.1]
Info: 2020.11.24.10:04:25 Info: Parameterizing module jtag_uart_0
Info: 2020.11.24.10:04:25 Info: Adding nios2_gen2_0 [altera_nios2_gen2 18.1]
Info: 2020.11.24.10:04:25 Info: Parameterizing module nios2_gen2_0
Info: 2020.11.24.10:04:25 Info: Adding onchip_memory2_0 [altera_avalon_onchip_memory2 18.1]
Info: 2020.11.24.10:04:25 Info: Parameterizing module onchip_memory2_0
Info: 2020.11.24.10:04:25 Info: Adding sdram [altera_avalon_new_sdram_controller 18.1]
Info: 2020.11.24.10:04:25 Info: Parameterizing module sdram
Info: 2020.11.24.10:04:25 Info: Adding sdram_pll [altpll 18.1]
Info: 2020.11.24.10:04:25 Info: Parameterizing module sdram_pll
Info: 2020.11.24.10:04:25 Info: Adding sysid_qsys_0 [altera_avalon_sysid_qsys 18.1]
Info: 2020.11.24.10:04:25 Info: Parameterizing module sysid_qsys_0
Info: 2020.11.24.10:04:25 Info: Adding timer_0 [altera_avalon_timer 18.1]
Info: 2020.11.24.10:04:25 Info: Parameterizing module timer_0
Info: 2020.11.24.10:04:25 Info: Building connections
Info: 2020.11.24.10:04:25 Info: Parameterizing connections
Info: 2020.11.24.10:04:25 Info: Validating
Info: 2020.11.24.10:04:26 Info: Done reading input file
Warning: 2020.11.24.10:04:27 Warning: lab9_soc.AES_Decryption_Core: The SIM_VERILOG fileset must specify the top-level module name.
Info: 2020.11.24.10:04:27 Info: lab9_soc.jtag_uart_0: JTAG UART IP input clock need to be at least double (2x) the operating frequency of JTAG TCK on board
Info: 2020.11.24.10:04:27 Info: lab9_soc.sdram: SDRAM Controller will only be supported in Quartus Prime Standard Edition in the future release.
Info: 2020.11.24.10:04:27 Info: lab9_soc.sysid_qsys_0: System ID is not assigned automatically. Edit the System ID parameter to provide a unique ID
Info: 2020.11.24.10:04:27 Info: lab9_soc.sysid_qsys_0: Time stamp will be automatically updated when this component is generated.
Info: 2020.11.24.10:04:27 Info: lab9_soc: Generating lab9_soc "lab9_soc" for QUARTUS_SYNTH
Info: 2020.11.24.10:04:30 Info: Inserting clock-crossing logic between cmd_demux.src6 and cmd_mux_006.sink0
Info: 2020.11.24.10:04:30 Info: Inserting clock-crossing logic between cmd_demux_001.src4 and cmd_mux_006.sink1
Info: 2020.11.24.10:04:30 Info: Inserting clock-crossing logic between rsp_demux_006.src0 and rsp_mux.sink6
Info: 2020.11.24.10:04:30 Info: Inserting clock-crossing logic between rsp_demux_006.src1 and rsp_mux_001.sink4
Info: 2020.11.24.10:04:34 Info: AES: "lab9_soc" instantiated AES_Decryption_Core "AES"
Info: 2020.11.24.10:04:34 Info: jtag_uart_0: Starting RTL generation for module 'lab9_soc_jtag_uart_0'
Info: 2020.11.24.10:04:34 Info: jtag_uart_0:   Generation command is [exec D:/ece385/quartus/bin64/perl/bin/perl.exe -I D:/ece385/quartus/bin64/perl/lib -I D:/ece385/quartus/sopc_builder/bin/europa -I D:/ece385/quartus/sopc_builder/bin/perl_lib -I D:/ece385/quartus/sopc_builder/bin -I D:/ece385/quartus/../ip/altera/sopc_builder_ip/common -I D:/ece385/quartus/../ip/altera/sopc_builder_ip/altera_avalon_jtag_uart -- D:/ece385/quartus/../ip/altera/sopc_builder_ip/altera_avalon_jtag_uart/generate_rtl.pl --name=lab9_soc_jtag_uart_0 --dir=C:/Users/HP/AppData/Local/Temp/alt8590_8052248364048427452.dir/0036_jtag_uart_0_gen/ --quartus_dir=D:/ece385/quartus --verilog --config=C:/Users/HP/AppData/Local/Temp/alt8590_8052248364048427452.dir/0036_jtag_uart_0_gen/
Info: 2020.11.24.10:04:34 Info: jtag_uart_0: Done RTL generation for module 'lab9_soc_jtag_uart_0'
Info: 2020.11.24.10:04:34 Info: jtag_uart_0: "lab9_soc" instantiated altera_avalon_jtag_uart "jtag_uart_0"
Info: 2020.11.24.10:04:35 Info: nios2_gen2_0: "lab9_soc" instantiated altera_nios2_gen2 "nios2_gen2_0"
Info: 2020.11.24.10:04:35 Info: onchip_memory2_0: Starting RTL generation for module 'lab9_soc_onchip_memory2_0'
Info: 2020.11.24.10:04:35 Info: onchip_memory2_0:   Generation command is [exec D:/ece385/quartus/bin64/perl/bin/perl.exe -I D:/ece385/quartus/bin64/perl/lib -I D:/ece385/quartus/sopc_builder/bin/europa -I D:/ece385/quartus/sopc_builder/bin/perl_lib -I D:/ece385/quartus/sopc_builder/bin -I D:/ece385/quartus/../ip/altera/sopc_builder_ip/common -I D:/ece385/quartus/../ip/altera/sopc_builder_ip/altera_avalon_onchip_memory2 -- D:/ece385/quartus/../ip/altera/sopc_builder_ip/altera_avalon_onchip_memory2/generate_rtl.pl --name=lab9_soc_onchip_memory2_0 --dir=C:/Users/HP/AppData/Local/Temp/alt8590_8052248364048427452.dir/0037_onchip_memory2_0_gen/ --quartus_dir=D:/ece385/quartus --verilog --config=C:/Users/HP/AppData/Local/Temp/alt8590_8052248364048427452.dir/0037_onchip_memory2_0_gen/
Info: 2020.11.24.10:04:35 Info: onchip_memory2_0: Done RTL generation for module 'lab9_soc_onchip_memory2_0'
Info: 2020.11.24.10:04:36 Info: onchip_memory2_0: "lab9_soc" instantiated altera_avalon_onchip_memory2 "onchip_memory2_0"
Info: 2020.11.24.10:04:36 Info: sdram: Starting RTL generation for module 'lab9_soc_sdram'
Info: 2020.11.24.10:04:36 Info: sdram:   Generation command is [exec D:/ece385/quartus/bin64/perl/bin/perl.exe -I D:/ece385/quartus/bin64/perl/lib -I D:/ece385/quartus/sopc_builder/bin/europa -I D:/ece385/quartus/sopc_builder/bin/perl_lib -I D:/ece385/quartus/sopc_builder/bin -I D:/ece385/quartus/../ip/altera/sopc_builder_ip/common -I D:/ece385/quartus/../ip/altera/sopc_builder_ip/altera_avalon_new_sdram_controller -- D:/ece385/quartus/../ip/altera/sopc_builder_ip/altera_avalon_new_sdram_controller/generate_rtl.pl --name=lab9_soc_sdram --dir=C:/Users/HP/AppData/Local/Temp/alt8590_8052248364048427452.dir/0038_sdram_gen/ --quartus_dir=D:/ece385/quartus --verilog --config=C:/Users/HP/AppData/Local/Temp/alt8590_8052248364048427452.dir/0038_sdram_gen/
Info: 2020.11.24.10:04:36 Info: sdram: Done RTL generation for module 'lab9_soc_sdram'
Info: 2020.11.24.10:04:36 Info: sdram: "lab9_soc" instantiated altera_avalon_new_sdram_controller "sdram"
Info: 2020.11.24.10:04:37 Info: sdram_pll: "lab9_soc" instantiated altpll "sdram_pll"
Info: 2020.11.24.10:04:37 Info: sysid_qsys_0: "lab9_soc" instantiated altera_avalon_sysid_qsys "sysid_qsys_0"
Info: 2020.11.24.10:04:37 Info: timer_0: Starting RTL generation for module 'lab9_soc_timer_0'
Info: 2020.11.24.10:04:37 Info: timer_0:   Generation command is [exec D:/ece385/quartus/bin64//perl/bin/perl.exe -I D:/ece385/quartus/bin64//perl/lib -I D:/ece385/quartus/sopc_builder/bin/europa -I D:/ece385/quartus/sopc_builder/bin/perl_lib -I D:/ece385/quartus/sopc_builder/bin -I D:/ece385/quartus/../ip/altera/sopc_builder_ip/common -I D:/ece385/quartus/../ip/altera/sopc_builder_ip/altera_avalon_timer -- D:/ece385/quartus/../ip/altera/sopc_builder_ip/altera_avalon_timer/generate_rtl.pl --name=lab9_soc_timer_0 --dir=C:/Users/HP/AppData/Local/Temp/alt8590_8052248364048427452.dir/0042_timer_0_gen/ --quartus_dir=D:/ece385/quartus --verilog --config=C:/Users/HP/AppData/Local/Temp/alt8590_8052248364048427452.dir/0042_timer_0_gen/
Info: 2020.11.24.10:04:37 Info: timer_0: Done RTL generation for module 'lab9_soc_timer_0'
Info: 2020.11.24.10:04:37 Info: timer_0: "lab9_soc" instantiated altera_avalon_timer "timer_0"
Info: 2020.11.24.10:04:45 Info: avalon_st_adapter: Inserting error_adapter: error_adapter_0
Info: 2020.11.24.10:04:46 Info: avalon_st_adapter_001: Inserting error_adapter: error_adapter_0
Info: 2020.11.24.10:04:47 Info: avalon_st_adapter_002: Inserting error_adapter: error_adapter_0
Info: 2020.11.24.10:04:47 Info: avalon_st_adapter_003: Inserting error_adapter: error_adapter_0
Info: 2020.11.24.10:04:48 Info: avalon_st_adapter_004: Inserting error_adapter: error_adapter_0
Info: 2020.11.24.10:04:48 Info: avalon_st_adapter_005: Inserting error_adapter: error_adapter_0
Info: 2020.11.24.10:04:49 Info: avalon_st_adapter_006: Inserting error_adapter: error_adapter_0
Info: 2020.11.24.10:04:50 Info: avalon_st_adapter_007: Inserting error_adapter: error_adapter_0
Info: 2020.11.24.10:04:56 Info: mm_interconnect_0: "lab9_soc" instantiated altera_mm_interconnect "mm_interconnect_0"
Info: 2020.11.24.10:04:56 Info: irq_mapper: "lab9_soc" instantiated altera_irq_mapper "irq_mapper"
Info: 2020.11.24.10:04:56 Info: rst_controller: "lab9_soc" instantiated altera_reset_controller "rst_controller"
Info: 2020.11.24.10:04:56 Info: cpu: Starting RTL generation for module 'lab9_soc_nios2_gen2_0_cpu'
Info: 2020.11.24.10:04:56 Info: cpu:   Generation command is [exec D:/ece385/quartus/bin64//eperlcmd.exe -I D:/ece385/quartus/bin64//perl/lib -I D:/ece385/quartus/sopc_builder/bin/europa -I D:/ece385/quartus/sopc_builder/bin/perl_lib -I D:/ece385/quartus/sopc_builder/bin -I D:/ece385/quartus/../ip/altera/nios2_ip/altera_nios2_gen2/cpu_lib -I D:/ece385/quartus/../ip/altera/nios2_ip/altera_nios2_gen2/nios_lib -I D:/ece385/quartus/../ip/altera/nios2_ip/altera_nios2_gen2 -I D:/ece385/quartus/../ip/altera/nios2_ip/altera_nios2_gen2 -- D:/ece385/quartus/../ip/altera/nios2_ip/altera_nios2_gen2/generate_rtl.epl --name=lab9_soc_nios2_gen2_0_cpu --dir=C:/Users/HP/AppData/Local/Temp/alt8590_8052248364048427452.dir/0045_cpu_gen/ --quartus_bindir=D:/ece385/quartus/bin64/ --verilog --config=C:/Users/HP/AppData/Local/Temp/alt8590_8052248364048427452.dir/0045_cpu_gen/
Info: 2020.11.24.10:04:58 Info: cpu: # 2020.11.24 10:04:56 (*) Starting Nios II generation
Info: 2020.11.24.10:04:58 Info: cpu: # 2020.11.24 10:04:56 (*)   Checking for plaintext license.
Info: 2020.11.24.10:04:58 Info: cpu: # 2020.11.24 10:04:57 (*)   Couldn't query license setup in Quartus directory D:/ece385/quartus/bin64
Info: 2020.11.24.10:04:58 Info: cpu: # 2020.11.24 10:04:57 (*)   Defaulting to contents of LM_LICENSE_FILE environment variable
Info: 2020.11.24.10:04:58 Info: cpu: # 2020.11.24 10:04:57 (*)   LM_LICENSE_FILE environment variable is empty
Info: 2020.11.24.10:04:58 Info: cpu: # 2020.11.24 10:04:57 (*)   Plaintext license not found.
Info: 2020.11.24.10:04:58 Info: cpu: # 2020.11.24 10:04:57 (*)   No license required to generate encrypted Nios II
Info: 2020.11.24.10:04:58 Info: cpu: # 2020.11.24 10:04:57 (*)   Elaborating CPU configuration settings
Info: 2020.11.24.10:04:58 Info: cpu: # 2020.11.24 10:04:57 (*)   Creating all objects for CPU
Info: 2020.11.24.10:04:58 Info: cpu: # 2020.11.24 10:04:58 (*)   Generating RTL from CPU objects
Info: 2020.11.24.10:04:58 Info: cpu: # 2020.11.24 10:04:58 (*)   Creating plain-text RTL
Info: 2020.11.24.10:04:58 Info: cpu: # 2020.11.24 10:04:58 (*) Done Nios II generation
Info: 2020.11.24.10:04:58 Info: cpu: Done RTL generation for module 'lab9_soc_nios2_gen2_0_cpu'
Info: 2020.11.24.10:04:58 Info: cpu: "nios2_gen2_0" instantiated altera_nios2_gen2_unit "cpu"
Info: 2020.11.24.10:04:58 Info: nios2_gen2_0_data_master_translator: "mm_interconnect_0" instantiated altera_merlin_master_translator "nios2_gen2_0_data_master_translator"
Info: 2020.11.24.10:04:58 Info: AES_AES_Slave_translator: "mm_interconnect_0" instantiated altera_merlin_slave_translator "AES_AES_Slave_translator"
Info: 2020.11.24.10:04:58 Info: nios2_gen2_0_data_master_agent: "mm_interconnect_0" instantiated altera_merlin_master_agent "nios2_gen2_0_data_master_agent"
Info: 2020.11.24.10:04:58 Info: AES_AES_Slave_agent: "mm_interconnect_0" instantiated altera_merlin_slave_agent "AES_AES_Slave_agent"
Info: 2020.11.24.10:04:58 Info: AES_AES_Slave_agent_rsp_fifo: "mm_interconnect_0" instantiated altera_avalon_sc_fifo "AES_AES_Slave_agent_rsp_fifo"
Info: 2020.11.24.10:04:58 Info: router: "mm_interconnect_0" instantiated altera_merlin_router "router"
Info: 2020.11.24.10:04:58 Info: router_001: "mm_interconnect_0" instantiated altera_merlin_router "router_001"
Info: 2020.11.24.10:04:58 Info: router_002: "mm_interconnect_0" instantiated altera_merlin_router "router_002"
Info: 2020.11.24.10:04:58 Info: router_004: "mm_interconnect_0" instantiated altera_merlin_router "router_004"
Info: 2020.11.24.10:04:58 Info: cmd_demux: "mm_interconnect_0" instantiated altera_merlin_demultiplexer "cmd_demux"
Info: 2020.11.24.10:04:58 Info: cmd_demux_001: "mm_interconnect_0" instantiated altera_merlin_demultiplexer "cmd_demux_001"
Info: 2020.11.24.10:04:58 Info: cmd_mux: "mm_interconnect_0" instantiated altera_merlin_multiplexer "cmd_mux"
Info: 2020.11.24.10:04:59 Info: cmd_mux_002: "mm_interconnect_0" instantiated altera_merlin_multiplexer "cmd_mux_002"
Info: 2020.11.24.10:04:59 Info: Reusing file D:/ece385/common/ECE-385/lab9_week2_11.24/lab9_soc/synthesis/submodules
Info: 2020.11.24.10:04:59 Info: rsp_demux: "mm_interconnect_0" instantiated altera_merlin_demultiplexer "rsp_demux"
Info: 2020.11.24.10:04:59 Info: rsp_demux_002: "mm_interconnect_0" instantiated altera_merlin_demultiplexer "rsp_demux_002"
Info: 2020.11.24.10:04:59 Info: rsp_mux: "mm_interconnect_0" instantiated altera_merlin_multiplexer "rsp_mux"
Info: 2020.11.24.10:04:59 Info: Reusing file D:/ece385/common/ECE-385/lab9_week2_11.24/lab9_soc/synthesis/submodules
Info: 2020.11.24.10:04:59 Info: rsp_mux_001: "mm_interconnect_0" instantiated altera_merlin_multiplexer "rsp_mux_001"
Info: 2020.11.24.10:04:59 Info: Reusing file D:/ece385/common/ECE-385/lab9_week2_11.24/lab9_soc/synthesis/submodules
Info: 2020.11.24.10:04:59 Info: crosser: "mm_interconnect_0" instantiated altera_avalon_st_handshake_clock_crosser "crosser"
Info: 2020.11.24.10:05:00 Info: avalon_st_adapter: "mm_interconnect_0" instantiated altera_avalon_st_adapter "avalon_st_adapter"
Info: 2020.11.24.10:05:00 Info: error_adapter_0: "avalon_st_adapter" instantiated error_adapter "error_adapter_0"
Info: 2020.11.24.10:05:00 Info: lab9_soc: Done "lab9_soc" with 33 modules, 50 files
Info: 2020.11.24.10:05:00 Info: qsys-generate succeeded.
Info: 2020.11.24.10:05:00 Info: Finished: Create HDL design files for synthesis
Info (11131): Completed upgrading IP component Qsys with file "lab9_soc.qsys"
Info (23030): Evaluation of Tcl script d:/ece385/quartus/common/tcl/internal/ip_regen/ip_regen.tcl was successful
Info: Quartus Prime Shell was successful. 0 errors, 4 warnings
    Info: Peak virtual memory: 4963 megabytes
    Info: Processing ended: Tue Nov 24 10:05:01 2020
    Info: Elapsed time: 00:02:04
    Info: Total CPU time (on all processors): 00:02:17


