08:09:45 **** Incremental Build of configuration Nios II for project lab7_app ****
make all 
Info: Building ../lab7_app_bsp/
D:/ece385/nios2eds/bin/gnu/H-x86_64-mingw32/bin/make --no-print-directory -C ../lab7_app_bsp/
[BSP build complete]
Info: Compiling main.c to obj/default/main.o
nios2-elf-gcc -xc -MP -MMD -c -I../lab7_app_bsp//HAL/inc -I../lab7_app_bsp/ -I../lab7_app_bsp//drivers/inc  -pipe -D__hal__ -DALT_NO_INSTRUCTION_EMULATION -DALT_SINGLE_THREADED    -O0 -g -Wall   -mno-hw-div -mno-hw-mul -mno-hw-mulx -mgpopt=global  -o obj/default/main.o main.c
main.c: In function 'main':
main.c:3:6: warning: unused variable 'i' [-Wunused-variable]
  int i=0;
      ^
Info: Linking lab7_app.elf
nios2-elf-g++  -T'../lab7_app_bsp//linker.x' -msys-crt0='../lab7_app_bsp//obj/HAL/src/crt0.o' -msys-lib=hal_bsp -L../lab7_app_bsp/   -Wl,-Map=lab7_app.map   -O0 -g -Wall   -mno-hw-div -mno-hw-mul -mno-hw-mulx -mgpopt=global  -o lab7_app.elf obj/default/main.o -lm -msys-lib=m
nios2-elf-insert lab7_app.elf --thread_model hal --cpu_name nios2_gen2_0 --qsys true --simulation_enabled false --id 0 --sidp 0xb8 --timestamp 1604593590 --stderr_dev none --stdin_dev none --stdout_dev none --sopc_system_name lab7_soc --quartus_project_dir "D:/ece385/lab/lab7/ece385lab7" --jdi ../..//output_files/lab7.jdi --sopcinfo D:/ece385/lab/lab7/ece385lab7/software/lab7_app_bsp/../../lab7_soc.sopcinfo
Info: (lab7_app.elf) 3812 Bytes program size (code + initialized data).
Info:                131066 KBytes free for stack + heap.
Info: Creating lab7_app.objdump
nios2-elf-objdump --disassemble --syms --all-header --source lab7_app.elf >lab7_app.objdump
[lab7_app build complete]

08:09:47 Build Finished (took 2s.10ms)

