20:08:59 **** Clean-only build of configuration Nios II for project Encrytion_bsp ****
make clean 
[BSP clean complete]
20:09:07 **** Clean-only build of configuration Nios II for project Encrytion ****
make clean 
[Encrytion clean complete]
08:41:14 **** Build of configuration Nios II for project Encrytion ****
make all 
Info: Building ../Encrytion_bsp/
G:/ece385/18.0/nios2eds/bin/gnu/H-x86_64-mingw32/bin/make --no-print-directory -C ../Encrytion_bsp/
[BSP build complete]
[Encrytion build complete]
08:41:17 **** Build of configuration Nios II for project Encrytion_bsp ****
make all 
[BSP build complete]
08:42:36 **** Incremental Build of configuration Nios II for project Encrytion ****
make all 
Info: Building ../Encrytion_bsp/
G:/ece385/18.0/nios2eds/bin/gnu/H-x86_64-mingw32/bin/make --no-print-directory -C ../Encrytion_bsp/
[BSP build complete]
[Encrytion build complete]
08:43:25 **** Incremental Build of configuration Nios II for project Encrytion ****
make all 
Info: Building ../Encrytion_bsp/
G:/ece385/18.0/nios2eds/bin/gnu/H-x86_64-mingw32/bin/make --no-print-directory -C ../Encrytion_bsp/
[BSP build complete]
[Encrytion build complete]
08:44:00 **** Incremental Build of configuration Nios II for project Encrytion ****
make all 
Info: Building ../Encrytion_bsp/
G:/ece385/18.0/nios2eds/bin/gnu/H-x86_64-mingw32/bin/make --no-print-directory -C ../Encrytion_bsp/
[BSP build complete]
[Encrytion build complete]
08:44:03 **** Incremental Build of configuration Nios II for project Encrytion_bsp ****
make all 
[BSP build complete]
08:44:05 **** Incremental Build of configuration Nios II for project Encrytion ****
make all 
Info: Building ../Encrytion_bsp/
G:/ece385/18.0/nios2eds/bin/gnu/H-x86_64-mingw32/bin/make --no-print-directory -C ../Encrytion_bsp/
[BSP build complete]
[Encrytion build complete]
18:22:17 **** Incremental Build of configuration Nios II for project Encrytion ****
make all 
Info: Building ../Encrytion_bsp/
G:/ece385/18.0/nios2eds/bin/gnu/H-x86_64-mingw32/bin/make --no-print-directory -C ../Encrytion_bsp/
[BSP build complete]
[Encrytion build complete]
18:23:18 **** Incremental Build of configuration Nios II for project Encrytion ****
make all 
Info: Building ../Encrytion_bsp/
G:/ece385/18.0/nios2eds/bin/gnu/H-x86_64-mingw32/bin/make --no-print-directory -C ../Encrytion_bsp/
[BSP build complete]
[Encrytion build complete]
