Info: Starting: Create simulation model
Info: qsys-generate D:\ece385\common\ECE-385\lab9_week2_11.24\lab9_soc.qsys --simulation=VERILOG --allow-mixed-language-simulation --output-directory=D:\ece385\common\ECE-385\lab9_week2_11.24\lab9_soc\simulation --family="Cyclone IV E" --part=EP4CE115F29C7
Progress: Loading lab9_week2_11.24/lab9_soc.qsys
Progress: Reading input file
Progress: Adding AES [AES_Decryption_Core 1.0]
Progress: Parameterizing module AES
Progress: Adding clk_0 [clock_source 18.1]
Progress: Parameterizing module clk_0
Progress: Adding jtag_uart_0 [altera_avalon_jtag_uart 18.1]
Progress: Parameterizing module jtag_uart_0
Progress: Adding nios2_gen2_0 [altera_nios2_gen2 18.1]
Progress: Parameterizing module nios2_gen2_0
Progress: Adding onchip_memory2_0 [altera_avalon_onchip_memory2 18.1]
Progress: Parameterizing module onchip_memory2_0
Progress: Adding sdram [altera_avalon_new_sdram_controller 18.1]
Progress: Parameterizing module sdram
Progress: Adding sdram_pll [altpll 18.1]
Progress: Parameterizing module sdram_pll
Progress: Adding sysid_qsys_0 [altera_avalon_sysid_qsys 18.1]
Progress: Parameterizing module sysid_qsys_0
Progress: Adding timer_0 [altera_avalon_timer 18.1]
Progress: Parameterizing module timer_0
Progress: Building connections
Progress: Parameterizing connections
Progress: Validating
Progress: Done reading input file
Warning: lab9_soc.AES_Decryption_Core: The SIM_VERILOG fileset must specify the top-level module name.
Info: lab9_soc.jtag_uart_0: JTAG UART IP input clock need to be at least double (2x) the operating frequency of JTAG TCK on board
Info: lab9_soc.sdram: SDRAM Controller will only be supported in Quartus Prime Standard Edition in the future release.
Info: lab9_soc.sysid_qsys_0: System ID is not assigned automatically. Edit the System ID parameter to provide a unique ID
Info: lab9_soc.sysid_qsys_0: Time stamp will be automatically updated when this component is generated.
Info: lab9_soc: Generating lab9_soc "lab9_soc" for SIM_VERILOG
Info: Inserting clock-crossing logic between cmd_demux.src6 and cmd_mux_006.sink0
Info: Inserting clock-crossing logic between cmd_demux_001.src4 and cmd_mux_006.sink1
Info: Inserting clock-crossing logic between rsp_demux_006.src0 and rsp_mux.sink6
Info: Inserting clock-crossing logic between rsp_demux_006.src1 and rsp_mux_001.sink4
Info: AES: "lab9_soc" instantiated AES_Decryption_Core "AES"
Info: jtag_uart_0: Starting RTL generation for module 'lab9_soc_jtag_uart_0'
Info: jtag_uart_0:   Generation command is [exec D:/ece385/quartus/bin64/perl/bin/perl.exe -I D:/ece385/quartus/bin64/perl/lib -I D:/ece385/quartus/sopc_builder/bin/europa -I D:/ece385/quartus/sopc_builder/bin/perl_lib -I D:/ece385/quartus/sopc_builder/bin -I D:/ece385/quartus/../ip/altera/sopc_builder_ip/common -I D:/ece385/quartus/../ip/altera/sopc_builder_ip/altera_avalon_jtag_uart -- D:/ece385/quartus/../ip/altera/sopc_builder_ip/altera_avalon_jtag_uart/generate_rtl.pl --name=lab9_soc_jtag_uart_0 --dir=C:/Users/HP/AppData/Local/Temp/alt8590_8052248364048427452.dir/0003_jtag_uart_0_gen/ --quartus_dir=D:/ece385/quartus --verilog --config=C:/Users/HP/AppData/Local/Temp/alt8590_8052248364048427452.dir/0003_jtag_uart_0_gen//lab9_soc_jtag_uart_0_component_configuration.pl  --do_build_sim=1    --sim_dir=C:/Users/HP/AppData/Local/Temp/alt8590_8052248364048427452.dir/0003_jtag_uart_0_gen/  ]
Info: jtag_uart_0: Done RTL generation for module 'lab9_soc_jtag_uart_0'
Info: jtag_uart_0: "lab9_soc" instantiated altera_avalon_jtag_uart "jtag_uart_0"
Info: nios2_gen2_0: "lab9_soc" instantiated altera_nios2_gen2 "nios2_gen2_0"
Info: onchip_memory2_0: Starting RTL generation for module 'lab9_soc_onchip_memory2_0'
Info: onchip_memory2_0:   Generation command is [exec D:/ece385/quartus/bin64/perl/bin/perl.exe -I D:/ece385/quartus/bin64/perl/lib -I D:/ece385/quartus/sopc_builder/bin/europa -I D:/ece385/quartus/sopc_builder/bin/perl_lib -I D:/ece385/quartus/sopc_builder/bin -I D:/ece385/quartus/../ip/altera/sopc_builder_ip/common -I D:/ece385/quartus/../ip/altera/sopc_builder_ip/altera_avalon_onchip_memory2 -- D:/ece385/quartus/../ip/altera/sopc_builder_ip/altera_avalon_onchip_memory2/generate_rtl.pl --name=lab9_soc_onchip_memory2_0 --dir=C:/Users/HP/AppData/Local/Temp/alt8590_8052248364048427452.dir/0004_onchip_memory2_0_gen/ --quartus_dir=D:/ece385/quartus --verilog --config=C:/Users/HP/AppData/Local/Temp/alt8590_8052248364048427452.dir/0004_onchip_memory2_0_gen//lab9_soc_onchip_memory2_0_component_configuration.pl  --do_build_sim=1    --sim_dir=C:/Users/HP/AppData/Local/Temp/alt8590_8052248364048427452.dir/0004_onchip_memory2_0_gen/  ]
Info: onchip_memory2_0: Done RTL generation for module 'lab9_soc_onchip_memory2_0'
Info: onchip_memory2_0: "lab9_soc" instantiated altera_avalon_onchip_memory2 "onchip_memory2_0"
Info: sdram: Starting RTL generation for module 'lab9_soc_sdram'
Info: sdram:   Generation command is [exec D:/ece385/quartus/bin64/perl/bin/perl.exe -I D:/ece385/quartus/bin64/perl/lib -I D:/ece385/quartus/sopc_builder/bin/europa -I D:/ece385/quartus/sopc_builder/bin/perl_lib -I D:/ece385/quartus/sopc_builder/bin -I D:/ece385/quartus/../ip/altera/sopc_builder_ip/common -I D:/ece385/quartus/../ip/altera/sopc_builder_ip/altera_avalon_new_sdram_controller -- D:/ece385/quartus/../ip/altera/sopc_builder_ip/altera_avalon_new_sdram_controller/generate_rtl.pl --name=lab9_soc_sdram --dir=C:/Users/HP/AppData/Local/Temp/alt8590_8052248364048427452.dir/0005_sdram_gen/ --quartus_dir=D:/ece385/quartus --verilog --config=C:/Users/HP/AppData/Local/Temp/alt8590_8052248364048427452.dir/0005_sdram_gen//lab9_soc_sdram_component_configuration.pl  --do_build_sim=1    --sim_dir=C:/Users/HP/AppData/Local/Temp/alt8590_8052248364048427452.dir/0005_sdram_gen/  ]
Info: sdram: Done RTL generation for module 'lab9_soc_sdram'
Info: sdram: "lab9_soc" instantiated altera_avalon_new_sdram_controller "sdram"
Info: sdram_pll: Generating Verilog simulation model
Warning: Number of processors has not been specified which may cause overloading on shared machines.  Set the global assignment NUM_PARALLEL_PROCESSORS in your QSF to an appropriate value for best performance.
Info: sdram_pll: Generated simulation model lab9_soc_sdram_pll.vo
Info: sdram_pll: "lab9_soc" instantiated altpll "sdram_pll"
Info: sysid_qsys_0: "lab9_soc" instantiated altera_avalon_sysid_qsys "sysid_qsys_0"
Info: timer_0: Starting RTL generation for module 'lab9_soc_timer_0'
Info: timer_0:   Generation command is [exec D:/ece385/quartus/bin64//perl/bin/perl.exe -I D:/ece385/quartus/bin64//perl/lib -I D:/ece385/quartus/sopc_builder/bin/europa -I D:/ece385/quartus/sopc_builder/bin/perl_lib -I D:/ece385/quartus/sopc_builder/bin -I D:/ece385/quartus/../ip/altera/sopc_builder_ip/common -I D:/ece385/quartus/../ip/altera/sopc_builder_ip/altera_avalon_timer -- D:/ece385/quartus/../ip/altera/sopc_builder_ip/altera_avalon_timer/generate_rtl.pl --name=lab9_soc_timer_0 --dir=C:/Users/HP/AppData/Local/Temp/alt8590_8052248364048427452.dir/0011_timer_0_gen/ --quartus_dir=D:/ece385/quartus --verilog --config=C:/Users/HP/AppData/Local/Temp/alt8590_8052248364048427452.dir/0011_timer_0_gen//lab9_soc_timer_0_component_configuration.pl  --do_build_sim=1    --sim_dir=C:/Users/HP/AppData/Local/Temp/alt8590_8052248364048427452.dir/0011_timer_0_gen/  ]
Info: timer_0: Done RTL generation for module 'lab9_soc_timer_0'
Info: timer_0: "lab9_soc" instantiated altera_avalon_timer "timer_0"
Info: avalon_st_adapter: Inserting error_adapter: error_adapter_0
Info: avalon_st_adapter_001: Inserting error_adapter: error_adapter_0
Info: avalon_st_adapter_002: Inserting error_adapter: error_adapter_0
Info: avalon_st_adapter_003: Inserting error_adapter: error_adapter_0
Info: avalon_st_adapter_004: Inserting error_adapter: error_adapter_0
Info: avalon_st_adapter_005: Inserting error_adapter: error_adapter_0
Info: avalon_st_adapter_006: Inserting error_adapter: error_adapter_0
Info: avalon_st_adapter_007: Inserting error_adapter: error_adapter_0
Info: mm_interconnect_0: "lab9_soc" instantiated altera_mm_interconnect "mm_interconnect_0"
Info: irq_mapper: "lab9_soc" instantiated altera_irq_mapper "irq_mapper"
Info: rst_controller: "lab9_soc" instantiated altera_reset_controller "rst_controller"
Info: cpu: Starting RTL generation for module 'lab9_soc_nios2_gen2_0_cpu'
Info: cpu:   Generation command is [exec D:/ece385/quartus/bin64//eperlcmd.exe -I D:/ece385/quartus/bin64//perl/lib -I D:/ece385/quartus/sopc_builder/bin/europa -I D:/ece385/quartus/sopc_builder/bin/perl_lib -I D:/ece385/quartus/sopc_builder/bin -I D:/ece385/quartus/../ip/altera/nios2_ip/altera_nios2_gen2/cpu_lib -I D:/ece385/quartus/../ip/altera/nios2_ip/altera_nios2_gen2/nios_lib -I D:/ece385/quartus/../ip/altera/nios2_ip/altera_nios2_gen2 -I D:/ece385/quartus/../ip/altera/nios2_ip/altera_nios2_gen2 -- D:/ece385/quartus/../ip/altera/nios2_ip/altera_nios2_gen2/generate_rtl.epl --name=lab9_soc_nios2_gen2_0_cpu --dir=C:/Users/HP/AppData/Local/Temp/alt8590_8052248364048427452.dir/0014_cpu_gen/ --quartus_bindir=D:/ece385/quartus/bin64/ --verilog --config=C:/Users/HP/AppData/Local/Temp/alt8590_8052248364048427452.dir/0014_cpu_gen//lab9_soc_nios2_gen2_0_cpu_processor_configuration.pl  --do_build_sim=1    --sim_dir=C:/Users/HP/AppData/Local/Temp/alt8590_8052248364048427452.dir/0014_cpu_gen/  ]
Info: cpu: # 2020.11.24 10:04:15 (*) Starting Nios II generation
Info: cpu: # 2020.11.24 10:04:15 (*)   Checking for plaintext license.
Info: cpu: # 2020.11.24 10:04:16 (*)   Couldn't query license setup in Quartus directory D:/ece385/quartus/bin64/
Info: cpu: # 2020.11.24 10:04:16 (*)   Defaulting to contents of LM_LICENSE_FILE environment variable
Info: cpu: # 2020.11.24 10:04:16 (*)   LM_LICENSE_FILE environment variable is empty
Info: cpu: # 2020.11.24 10:04:16 (*)   Plaintext license not found.
Info: cpu: # 2020.11.24 10:04:16 (*)   No license required to generate encrypted Nios II/e.
Info: cpu: # 2020.11.24 10:04:16 (*)   Elaborating CPU configuration settings
Info: cpu: # 2020.11.24 10:04:16 (*)   Creating all objects for CPU
Info: cpu: # 2020.11.24 10:04:17 (*)   Creating 'C:/Users/HP/AppData/Local/Temp/alt8590_8052248364048427452.dir/0014_cpu_gen//lab9_soc_nios2_gen2_0_cpu_nios2_waves.do'
Info: cpu: # 2020.11.24 10:04:17 (*)   Generating RTL from CPU objects
Info: cpu: # 2020.11.24 10:04:17 (*)   Creating plain-text RTL
Info: cpu: # 2020.11.24 10:04:18 (*) Done Nios II generation
Info: cpu: Done RTL generation for module 'lab9_soc_nios2_gen2_0_cpu'
Info: cpu: "nios2_gen2_0" instantiated altera_nios2_gen2_unit "cpu"
Info: nios2_gen2_0_data_master_translator: "mm_interconnect_0" instantiated altera_merlin_master_translator "nios2_gen2_0_data_master_translator"
Info: AES_AES_Slave_translator: "mm_interconnect_0" instantiated altera_merlin_slave_translator "AES_AES_Slave_translator"
Info: nios2_gen2_0_data_master_agent: "mm_interconnect_0" instantiated altera_merlin_master_agent "nios2_gen2_0_data_master_agent"
Info: AES_AES_Slave_agent: "mm_interconnect_0" instantiated altera_merlin_slave_agent "AES_AES_Slave_agent"
Info: AES_AES_Slave_agent_rsp_fifo: "mm_interconnect_0" instantiated altera_avalon_sc_fifo "AES_AES_Slave_agent_rsp_fifo"
Info: router: "mm_interconnect_0" instantiated altera_merlin_router "router"
Info: router_001: "mm_interconnect_0" instantiated altera_merlin_router "router_001"
Info: router_002: "mm_interconnect_0" instantiated altera_merlin_router "router_002"
Info: router_004: "mm_interconnect_0" instantiated altera_merlin_router "router_004"
Info: cmd_demux: "mm_interconnect_0" instantiated altera_merlin_demultiplexer "cmd_demux"
Info: cmd_demux_001: "mm_interconnect_0" instantiated altera_merlin_demultiplexer "cmd_demux_001"
Info: cmd_mux: "mm_interconnect_0" instantiated altera_merlin_multiplexer "cmd_mux"
Info: cmd_mux_002: "mm_interconnect_0" instantiated altera_merlin_multiplexer "cmd_mux_002"
Info: Reusing file D:/ece385/common/ECE-385/lab9_week2_11.24/lab9_soc/simulation/submodules/altera_merlin_arbitrator.sv
Info: rsp_demux: "mm_interconnect_0" instantiated altera_merlin_demultiplexer "rsp_demux"
Info: rsp_demux_002: "mm_interconnect_0" instantiated altera_merlin_demultiplexer "rsp_demux_002"
Info: rsp_mux: "mm_interconnect_0" instantiated altera_merlin_multiplexer "rsp_mux"
Info: Reusing file D:/ece385/common/ECE-385/lab9_week2_11.24/lab9_soc/simulation/submodules/altera_merlin_arbitrator.sv
Info: rsp_mux_001: "mm_interconnect_0" instantiated altera_merlin_multiplexer "rsp_mux_001"
Info: Reusing file D:/ece385/common/ECE-385/lab9_week2_11.24/lab9_soc/simulation/submodules/altera_merlin_arbitrator.sv
Info: crosser: "mm_interconnect_0" instantiated altera_avalon_st_handshake_clock_crosser "crosser"
Info: avalon_st_adapter: "mm_interconnect_0" instantiated altera_avalon_st_adapter "avalon_st_adapter"
Info: error_adapter_0: "avalon_st_adapter" instantiated error_adapter "error_adapter_0"
Info: lab9_soc: Done "lab9_soc" with 33 modules, 57 files
Info: qsys-generate succeeded.
Info: Finished: Create simulation model
Info: Starting: Create Modelsim Project.
Info: sim-script-gen --spd=D:\ece385\common\ECE-385\lab9_week2_11.24\lab9_soc\lab9_soc.spd --output-directory=D:/ece385/common/ECE-385/lab9_week2_11.24/lab9_soc/simulation/ --use-relative-paths=true
Info: Doing: ip-make-simscript --spd=D:\ece385\common\ECE-385\lab9_week2_11.24\lab9_soc\lab9_soc.spd --output-directory=D:/ece385/common/ECE-385/lab9_week2_11.24/lab9_soc/simulation/ --use-relative-paths=true
Info: Generating the following file(s) for MODELSIM simulator in D:/ece385/common/ECE-385/lab9_week2_11.24/lab9_soc/simulation/ directory:
Info: 	mentor/msim_setup.tcl
Info: Generating the following file(s) for VCS simulator in D:/ece385/common/ECE-385/lab9_week2_11.24/lab9_soc/simulation/ directory:
Info: 	synopsys/vcs/vcs_setup.sh
Info: Generating the following file(s) for VCSMX simulator in D:/ece385/common/ECE-385/lab9_week2_11.24/lab9_soc/simulation/ directory:
Info: 	synopsys/vcsmx/synopsys_sim.setup
Info: 	synopsys/vcsmx/vcsmx_setup.sh
Info: Generating the following file(s) for NCSIM simulator in D:/ece385/common/ECE-385/lab9_week2_11.24/lab9_soc/simulation/ directory:
Info: 	cadence/cds.lib
Info: 	cadence/hdl.var
Info: 	cadence/ncsim_setup.sh
Info: 	32 .cds.lib files in cadence/cds_libs/ directory
Info: Generating the following file(s) for RIVIERA simulator in D:/ece385/common/ECE-385/lab9_week2_11.24/lab9_soc/simulation/ directory:
Info: 	aldec/rivierapro_setup.tcl
Info: For information on how to simulate your IP, see the explanatory comments in the simulator-specific subdirectories under D:/ece385/common/ECE-385/lab9_week2_11.24/lab9_soc/simulation/.
Info: Regenerate these scripts whenever you make any change to any Quartus-generated IP in your project.
Info: Finished: Create Modelsim Project.
Info: Starting: Create block symbol file (.bsf)
Info: qsys-generate D:\ece385\common\ECE-385\lab9_week2_11.24\lab9_soc.qsys --block-symbol-file --output-directory=D:\ece385\common\ECE-385\lab9_week2_11.24\lab9_soc --family="Cyclone IV E" --part=EP4CE115F29C7
Progress: Loading lab9_week2_11.24/lab9_soc.qsys
Progress: Reading input file
Progress: Adding AES [AES_Decryption_Core 1.0]
Progress: Parameterizing module AES
Progress: Adding clk_0 [clock_source 18.1]
Progress: Parameterizing module clk_0
Progress: Adding jtag_uart_0 [altera_avalon_jtag_uart 18.1]
Progress: Parameterizing module jtag_uart_0
Progress: Adding nios2_gen2_0 [altera_nios2_gen2 18.1]
Progress: Parameterizing module nios2_gen2_0
Progress: Adding onchip_memory2_0 [altera_avalon_onchip_memory2 18.1]
Progress: Parameterizing module onchip_memory2_0
Progress: Adding sdram [altera_avalon_new_sdram_controller 18.1]
Progress: Parameterizing module sdram
Progress: Adding sdram_pll [altpll 18.1]
Progress: Parameterizing module sdram_pll
Progress: Adding sysid_qsys_0 [altera_avalon_sysid_qsys 18.1]
Progress: Parameterizing module sysid_qsys_0
Progress: Adding timer_0 [altera_avalon_timer 18.1]
Progress: Parameterizing module timer_0
Progress: Building connections
Progress: Parameterizing connections
Progress: Validating
Progress: Done reading input file
Warning: lab9_soc.AES_Decryption_Core: The SIM_VERILOG fileset must specify the top-level module name.
Info: lab9_soc.jtag_uart_0: JTAG UART IP input clock need to be at least double (2x) the operating frequency of JTAG TCK on board
Info: lab9_soc.sdram: SDRAM Controller will only be supported in Quartus Prime Standard Edition in the future release.
Info: lab9_soc.sysid_qsys_0: System ID is not assigned automatically. Edit the System ID parameter to provide a unique ID
Info: lab9_soc.sysid_qsys_0: Time stamp will be automatically updated when this component is generated.
Info: qsys-generate succeeded.
Info: Finished: Create block symbol file (.bsf)
Info: 
Info: Starting: Create HDL design files for synthesis
Info: qsys-generate D:\ece385\common\ECE-385\lab9_week2_11.24\lab9_soc.qsys --synthesis=VERILOG --output-directory=D:\ece385\common\ECE-385\lab9_week2_11.24\lab9_soc\synthesis --family="Cyclone IV E" --part=EP4CE115F29C7
Progress: Loading lab9_week2_11.24/lab9_soc.qsys
Progress: Reading input file
Progress: Adding AES [AES_Decryption_Core 1.0]
Progress: Parameterizing module AES
Progress: Adding clk_0 [clock_source 18.1]
Progress: Parameterizing module clk_0
Progress: Adding jtag_uart_0 [altera_avalon_jtag_uart 18.1]
Progress: Parameterizing module jtag_uart_0
Progress: Adding nios2_gen2_0 [altera_nios2_gen2 18.1]
Progress: Parameterizing module nios2_gen2_0
Progress: Adding onchip_memory2_0 [altera_avalon_onchip_memory2 18.1]
Progress: Parameterizing module onchip_memory2_0
Progress: Adding sdram [altera_avalon_new_sdram_controller 18.1]
Progress: Parameterizing module sdram
Progress: Adding sdram_pll [altpll 18.1]
Progress: Parameterizing module sdram_pll
Progress: Adding sysid_qsys_0 [altera_avalon_sysid_qsys 18.1]
Progress: Parameterizing module sysid_qsys_0
Progress: Adding timer_0 [altera_avalon_timer 18.1]
Progress: Parameterizing module timer_0
Progress: Building connections
Progress: Parameterizing connections
Progress: Validating
Progress: Done reading input file
Warning: lab9_soc.AES_Decryption_Core: The SIM_VERILOG fileset must specify the top-level module name.
Info: lab9_soc.jtag_uart_0: JTAG UART IP input clock need to be at least double (2x) the operating frequency of JTAG TCK on board
Info: lab9_soc.sdram: SDRAM Controller will only be supported in Quartus Prime Standard Edition in the future release.
Info: lab9_soc.sysid_qsys_0: System ID is not assigned automatically. Edit the System ID parameter to provide a unique ID
Info: lab9_soc.sysid_qsys_0: Time stamp will be automatically updated when this component is generated.
Info: lab9_soc: Generating lab9_soc "lab9_soc" for QUARTUS_SYNTH
Info: Inserting clock-crossing logic between cmd_demux.src6 and cmd_mux_006.sink0
Info: Inserting clock-crossing logic between cmd_demux_001.src4 and cmd_mux_006.sink1
Info: Inserting clock-crossing logic between rsp_demux_006.src0 and rsp_mux.sink6
Info: Inserting clock-crossing logic between rsp_demux_006.src1 and rsp_mux_001.sink4
Info: AES: "lab9_soc" instantiated AES_Decryption_Core "AES"
Info: jtag_uart_0: Starting RTL generation for module 'lab9_soc_jtag_uart_0'
Info: jtag_uart_0:   Generation command is [exec D:/ece385/quartus/bin64/perl/bin/perl.exe -I D:/ece385/quartus/bin64/perl/lib -I D:/ece385/quartus/sopc_builder/bin/europa -I D:/ece385/quartus/sopc_builder/bin/perl_lib -I D:/ece385/quartus/sopc_builder/bin -I D:/ece385/quartus/../ip/altera/sopc_builder_ip/common -I D:/ece385/quartus/../ip/altera/sopc_builder_ip/altera_avalon_jtag_uart -- D:/ece385/quartus/../ip/altera/sopc_builder_ip/altera_avalon_jtag_uart/generate_rtl.pl --name=lab9_soc_jtag_uart_0 --dir=C:/Users/HP/AppData/Local/Temp/alt8590_8052248364048427452.dir/0036_jtag_uart_0_gen/ --quartus_dir=D:/ece385/quartus --verilog --config=C:/Users/HP/AppData/Local/Temp/alt8590_8052248364048427452.dir/0036_jtag_uart_0_gen//lab9_soc_jtag_uart_0_component_configuration.pl  --do_build_sim=0  ]
Info: jtag_uart_0: Done RTL generation for module 'lab9_soc_jtag_uart_0'
Info: jtag_uart_0: "lab9_soc" instantiated altera_avalon_jtag_uart "jtag_uart_0"
Info: nios2_gen2_0: "lab9_soc" instantiated altera_nios2_gen2 "nios2_gen2_0"
Info: onchip_memory2_0: Starting RTL generation for module 'lab9_soc_onchip_memory2_0'
Info: onchip_memory2_0:   Generation command is [exec D:/ece385/quartus/bin64/perl/bin/perl.exe -I D:/ece385/quartus/bin64/perl/lib -I D:/ece385/quartus/sopc_builder/bin/europa -I D:/ece385/quartus/sopc_builder/bin/perl_lib -I D:/ece385/quartus/sopc_builder/bin -I D:/ece385/quartus/../ip/altera/sopc_builder_ip/common -I D:/ece385/quartus/../ip/altera/sopc_builder_ip/altera_avalon_onchip_memory2 -- D:/ece385/quartus/../ip/altera/sopc_builder_ip/altera_avalon_onchip_memory2/generate_rtl.pl --name=lab9_soc_onchip_memory2_0 --dir=C:/Users/HP/AppData/Local/Temp/alt8590_8052248364048427452.dir/0037_onchip_memory2_0_gen/ --quartus_dir=D:/ece385/quartus --verilog --config=C:/Users/HP/AppData/Local/Temp/alt8590_8052248364048427452.dir/0037_onchip_memory2_0_gen//lab9_soc_onchip_memory2_0_component_configuration.pl  --do_build_sim=0  ]
Info: onchip_memory2_0: Done RTL generation for module 'lab9_soc_onchip_memory2_0'
Info: onchip_memory2_0: "lab9_soc" instantiated altera_avalon_onchip_memory2 "onchip_memory2_0"
Info: sdram: Starting RTL generation for module 'lab9_soc_sdram'
Info: sdram:   Generation command is [exec D:/ece385/quartus/bin64/perl/bin/perl.exe -I D:/ece385/quartus/bin64/perl/lib -I D:/ece385/quartus/sopc_builder/bin/europa -I D:/ece385/quartus/sopc_builder/bin/perl_lib -I D:/ece385/quartus/sopc_builder/bin -I D:/ece385/quartus/../ip/altera/sopc_builder_ip/common -I D:/ece385/quartus/../ip/altera/sopc_builder_ip/altera_avalon_new_sdram_controller -- D:/ece385/quartus/../ip/altera/sopc_builder_ip/altera_avalon_new_sdram_controller/generate_rtl.pl --name=lab9_soc_sdram --dir=C:/Users/HP/AppData/Local/Temp/alt8590_8052248364048427452.dir/0038_sdram_gen/ --quartus_dir=D:/ece385/quartus --verilog --config=C:/Users/HP/AppData/Local/Temp/alt8590_8052248364048427452.dir/0038_sdram_gen//lab9_soc_sdram_component_configuration.pl  --do_build_sim=0  ]
Info: sdram: Done RTL generation for module 'lab9_soc_sdram'
Info: sdram: "lab9_soc" instantiated altera_avalon_new_sdram_controller "sdram"
Info: sdram_pll: "lab9_soc" instantiated altpll "sdram_pll"
Info: sysid_qsys_0: "lab9_soc" instantiated altera_avalon_sysid_qsys "sysid_qsys_0"
Info: timer_0: Starting RTL generation for module 'lab9_soc_timer_0'
Info: timer_0:   Generation command is [exec D:/ece385/quartus/bin64//perl/bin/perl.exe -I D:/ece385/quartus/bin64//perl/lib -I D:/ece385/quartus/sopc_builder/bin/europa -I D:/ece385/quartus/sopc_builder/bin/perl_lib -I D:/ece385/quartus/sopc_builder/bin -I D:/ece385/quartus/../ip/altera/sopc_builder_ip/common -I D:/ece385/quartus/../ip/altera/sopc_builder_ip/altera_avalon_timer -- D:/ece385/quartus/../ip/altera/sopc_builder_ip/altera_avalon_timer/generate_rtl.pl --name=lab9_soc_timer_0 --dir=C:/Users/HP/AppData/Local/Temp/alt8590_8052248364048427452.dir/0042_timer_0_gen/ --quartus_dir=D:/ece385/quartus --verilog --config=C:/Users/HP/AppData/Local/Temp/alt8590_8052248364048427452.dir/0042_timer_0_gen//lab9_soc_timer_0_component_configuration.pl  --do_build_sim=0  ]
Info: timer_0: Done RTL generation for module 'lab9_soc_timer_0'
Info: timer_0: "lab9_soc" instantiated altera_avalon_timer "timer_0"
Info: avalon_st_adapter: Inserting error_adapter: error_adapter_0
Info: avalon_st_adapter_001: Inserting error_adapter: error_adapter_0
Info: avalon_st_adapter_002: Inserting error_adapter: error_adapter_0
Info: avalon_st_adapter_003: Inserting error_adapter: error_adapter_0
Info: avalon_st_adapter_004: Inserting error_adapter: error_adapter_0
Info: avalon_st_adapter_005: Inserting error_adapter: error_adapter_0
Info: avalon_st_adapter_006: Inserting error_adapter: error_adapter_0
Info: avalon_st_adapter_007: Inserting error_adapter: error_adapter_0
Info: mm_interconnect_0: "lab9_soc" instantiated altera_mm_interconnect "mm_interconnect_0"
Info: irq_mapper: "lab9_soc" instantiated altera_irq_mapper "irq_mapper"
Info: rst_controller: "lab9_soc" instantiated altera_reset_controller "rst_controller"
Info: cpu: Starting RTL generation for module 'lab9_soc_nios2_gen2_0_cpu'
Info: cpu:   Generation command is [exec D:/ece385/quartus/bin64//eperlcmd.exe -I D:/ece385/quartus/bin64//perl/lib -I D:/ece385/quartus/sopc_builder/bin/europa -I D:/ece385/quartus/sopc_builder/bin/perl_lib -I D:/ece385/quartus/sopc_builder/bin -I D:/ece385/quartus/../ip/altera/nios2_ip/altera_nios2_gen2/cpu_lib -I D:/ece385/quartus/../ip/altera/nios2_ip/altera_nios2_gen2/nios_lib -I D:/ece385/quartus/../ip/altera/nios2_ip/altera_nios2_gen2 -I D:/ece385/quartus/../ip/altera/nios2_ip/altera_nios2_gen2 -- D:/ece385/quartus/../ip/altera/nios2_ip/altera_nios2_gen2/generate_rtl.epl --name=lab9_soc_nios2_gen2_0_cpu --dir=C:/Users/HP/AppData/Local/Temp/alt8590_8052248364048427452.dir/0045_cpu_gen/ --quartus_bindir=D:/ece385/quartus/bin64/ --verilog --config=C:/Users/HP/AppData/Local/Temp/alt8590_8052248364048427452.dir/0045_cpu_gen//lab9_soc_nios2_gen2_0_cpu_processor_configuration.pl  --do_build_sim=0  ]
Info: cpu: # 2020.11.24 10:04:56 (*) Starting Nios II generation
Info: cpu: # 2020.11.24 10:04:56 (*)   Checking for plaintext license.
Info: cpu: # 2020.11.24 10:04:57 (*)   Couldn't query license setup in Quartus directory D:/ece385/quartus/bin64/
Info: cpu: # 2020.11.24 10:04:57 (*)   Defaulting to contents of LM_LICENSE_FILE environment variable
Info: cpu: # 2020.11.24 10:04:57 (*)   LM_LICENSE_FILE environment variable is empty
Info: cpu: # 2020.11.24 10:04:57 (*)   Plaintext license not found.
Info: cpu: # 2020.11.24 10:04:57 (*)   No license required to generate encrypted Nios II/e.
Info: cpu: # 2020.11.24 10:04:57 (*)   Elaborating CPU configuration settings
Info: cpu: # 2020.11.24 10:04:57 (*)   Creating all objects for CPU
Info: cpu: # 2020.11.24 10:04:58 (*)   Generating RTL from CPU objects
Info: cpu: # 2020.11.24 10:04:58 (*)   Creating plain-text RTL
Info: cpu: # 2020.11.24 10:04:58 (*) Done Nios II generation
Info: cpu: Done RTL generation for module 'lab9_soc_nios2_gen2_0_cpu'
Info: cpu: "nios2_gen2_0" instantiated altera_nios2_gen2_unit "cpu"
Info: nios2_gen2_0_data_master_translator: "mm_interconnect_0" instantiated altera_merlin_master_translator "nios2_gen2_0_data_master_translator"
Info: AES_AES_Slave_translator: "mm_interconnect_0" instantiated altera_merlin_slave_translator "AES_AES_Slave_translator"
Info: nios2_gen2_0_data_master_agent: "mm_interconnect_0" instantiated altera_merlin_master_agent "nios2_gen2_0_data_master_agent"
Info: AES_AES_Slave_agent: "mm_interconnect_0" instantiated altera_merlin_slave_agent "AES_AES_Slave_agent"
Info: AES_AES_Slave_agent_rsp_fifo: "mm_interconnect_0" instantiated altera_avalon_sc_fifo "AES_AES_Slave_agent_rsp_fifo"
Info: router: "mm_interconnect_0" instantiated altera_merlin_router "router"
Info: router_001: "mm_interconnect_0" instantiated altera_merlin_router "router_001"
Info: router_002: "mm_interconnect_0" instantiated altera_merlin_router "router_002"
Info: router_004: "mm_interconnect_0" instantiated altera_merlin_router "router_004"
Info: cmd_demux: "mm_interconnect_0" instantiated altera_merlin_demultiplexer "cmd_demux"
Info: cmd_demux_001: "mm_interconnect_0" instantiated altera_merlin_demultiplexer "cmd_demux_001"
Info: cmd_mux: "mm_interconnect_0" instantiated altera_merlin_multiplexer "cmd_mux"
Info: cmd_mux_002: "mm_interconnect_0" instantiated altera_merlin_multiplexer "cmd_mux_002"
Info: Reusing file D:/ece385/common/ECE-385/lab9_week2_11.24/lab9_soc/synthesis/submodules/altera_merlin_arbitrator.sv
Info: rsp_demux: "mm_interconnect_0" instantiated altera_merlin_demultiplexer "rsp_demux"
Info: rsp_demux_002: "mm_interconnect_0" instantiated altera_merlin_demultiplexer "rsp_demux_002"
Info: rsp_mux: "mm_interconnect_0" instantiated altera_merlin_multiplexer "rsp_mux"
Info: Reusing file D:/ece385/common/ECE-385/lab9_week2_11.24/lab9_soc/synthesis/submodules/altera_merlin_arbitrator.sv
Info: rsp_mux_001: "mm_interconnect_0" instantiated altera_merlin_multiplexer "rsp_mux_001"
Info: Reusing file D:/ece385/common/ECE-385/lab9_week2_11.24/lab9_soc/synthesis/submodules/altera_merlin_arbitrator.sv
Info: crosser: "mm_interconnect_0" instantiated altera_avalon_st_handshake_clock_crosser "crosser"
Info: avalon_st_adapter: "mm_interconnect_0" instantiated altera_avalon_st_adapter "avalon_st_adapter"
Info: error_adapter_0: "avalon_st_adapter" instantiated error_adapter "error_adapter_0"
Info: lab9_soc: Done "lab9_soc" with 33 modules, 50 files
Info: qsys-generate succeeded.
Info: Finished: Create HDL design files for synthesis
