Assembler report for Multiplication
<<<<<<< HEAD
Sat Oct 17 11:25:25 2020
Quartus Prime Version 18.0.0 Build 614 04/24/2018 SJ Lite Edition
=======
Fri Oct 16 22:43:22 2020
Quartus Prime Version 18.1.0 Build 625 09/12/2018 SJ Lite Edition
>>>>>>> 417fb817bae660e9708fc5600586f138f956582b


---------------------
; Table of Contents ;
---------------------
  1. Legal Notice
  2. Assembler Summary
  3. Assembler Settings
  4. Assembler Generated Files
<<<<<<< HEAD
  5. Assembler Device Options: C:/Users/Administrator/Desktop/ECE385 lab5/output_files/Multiplication.sof
=======
  5. Assembler Device Options: D:/ece385/lab/lab5/ECE385 lab5/output_files/Multiplication.sof
>>>>>>> 417fb817bae660e9708fc5600586f138f956582b
  6. Assembler Messages



----------------
; Legal Notice ;
----------------
Copyright (C) 2018  Intel Corporation. All rights reserved.
Your use of Intel Corporation's design tools, logic functions 
and other software and tools, and its AMPP partner logic 
functions, and any output files from any of the foregoing 
(including device programming or simulation files), and any 
associated documentation or information are expressly subject 
to the terms and conditions of the Intel Program License 
Subscription Agreement, the Intel Quartus Prime License Agreement,
the Intel FPGA IP License Agreement, or other applicable license
agreement, including, without limitation, that your use is for
the sole purpose of programming logic devices manufactured by
Intel and sold by Intel or its authorized distributors.  Please
refer to the applicable agreement for further details.



+---------------------------------------------------------------+
; Assembler Summary                                             ;
+-----------------------+---------------------------------------+
<<<<<<< HEAD
; Assembler Status      ; Successful - Sat Oct 17 11:25:25 2020 ;
=======
; Assembler Status      ; Successful - Fri Oct 16 22:43:22 2020 ;
>>>>>>> 417fb817bae660e9708fc5600586f138f956582b
; Revision Name         ; Multiplication                        ;
; Top-level Entity Name ; toplevel                              ;
; Family                ; Cyclone IV E                          ;
; Device                ; EP4CE115F29C7                         ;
+-----------------------+---------------------------------------+


+----------------------------------+
; Assembler Settings               ;
+--------+---------+---------------+
; Option ; Setting ; Default Value ;
+--------+---------+---------------+


<<<<<<< HEAD
+----------------------------------------------------------------------------+
; Assembler Generated Files                                                  ;
+----------------------------------------------------------------------------+
; File Name                                                                  ;
+----------------------------------------------------------------------------+
; C:/Users/Administrator/Desktop/ECE385 lab5/output_files/Multiplication.sof ;
+----------------------------------------------------------------------------+


+------------------------------------------------------------------------------------------------------+
; Assembler Device Options: C:/Users/Administrator/Desktop/ECE385 lab5/output_files/Multiplication.sof ;
+----------------+-------------------------------------------------------------------------------------+
; Option         ; Setting                                                                             ;
+----------------+-------------------------------------------------------------------------------------+
; JTAG usercode  ; 0x00573F4C                                                                          ;
; Checksum       ; 0x00573F4C                                                                          ;
+----------------+-------------------------------------------------------------------------------------+
=======
+----------------------------------------------------------------+
; Assembler Generated Files                                      ;
+----------------------------------------------------------------+
; File Name                                                      ;
+----------------------------------------------------------------+
; D:/ece385/lab/lab5/ECE385 lab5/output_files/Multiplication.sof ;
+----------------------------------------------------------------+


+------------------------------------------------------------------------------------------+
; Assembler Device Options: D:/ece385/lab/lab5/ECE385 lab5/output_files/Multiplication.sof ;
+----------------+-------------------------------------------------------------------------+
; Option         ; Setting                                                                 ;
+----------------+-------------------------------------------------------------------------+
; JTAG usercode  ; 0x00572F72                                                              ;
; Checksum       ; 0x00572F72                                                              ;
+----------------+-------------------------------------------------------------------------+
>>>>>>> 417fb817bae660e9708fc5600586f138f956582b


+--------------------+
; Assembler Messages ;
+--------------------+
Info: *******************************************************************
Info: Running Quartus Prime Assembler
<<<<<<< HEAD
    Info: Version 18.0.0 Build 614 04/24/2018 SJ Lite Edition
    Info: Processing started: Sat Oct 17 11:25:21 2020
=======
    Info: Version 18.1.0 Build 625 09/12/2018 SJ Lite Edition
    Info: Processing started: Fri Oct 16 22:43:19 2020
>>>>>>> 417fb817bae660e9708fc5600586f138f956582b
Info: Command: quartus_asm --read_settings_files=off --write_settings_files=off Multiplication -c Multiplication
Warning (18236): Number of processors has not been specified which may cause overloading on shared machines.  Set the global assignment NUM_PARALLEL_PROCESSORS in your QSF to an appropriate value for best performance.
Info (115031): Writing out detailed assembly data for power analysis
Info (115030): Assembler is generating device programming files
Info: Quartus Prime Assembler was successful. 0 errors, 1 warning
<<<<<<< HEAD
    Info: Peak virtual memory: 4685 megabytes
    Info: Processing ended: Sat Oct 17 11:25:25 2020
=======
    Info: Peak virtual memory: 4707 megabytes
    Info: Processing ended: Fri Oct 16 22:43:23 2020
>>>>>>> 417fb817bae660e9708fc5600586f138f956582b
    Info: Elapsed time: 00:00:04
    Info: Total CPU time (on all processors): 00:00:03


