Analysis & Synthesis report for Multiplication
<<<<<<< HEAD
Sat Oct 17 11:25:00 2020
Quartus Prime Version 18.0.0 Build 614 04/24/2018 SJ Lite Edition
=======
Fri Oct 16 23:33:55 2020
Quartus Prime Version 18.1.0 Build 625 09/12/2018 SJ Lite Edition
>>>>>>> 417fb817bae660e9708fc5600586f138f956582b


---------------------
; Table of Contents ;
---------------------
  1. Legal Notice
  2. Analysis & Synthesis Summary
  3. Analysis & Synthesis Settings
  4. Parallel Compilation
  5. Analysis & Synthesis Source Files Read
  6. Analysis & Synthesis Resource Usage Summary
  7. Analysis & Synthesis Resource Utilization by Entity
  8. State Machine - |toplevel|Control:controlunit|curr_state
  9. Registers Removed During Synthesis
 10. General Register Statistics
 11. Multiplexer Restructuring Statistics (Restructuring Performed)
 12. Port Connectivity Checks: "ADD_SUB9:operation|full_adder:FA8"
 13. Port Connectivity Checks: "register_8bit:Bmemory"
 14. Post-Synthesis Netlist Statistics for Top Partition
 15. Elapsed Time Per Partition
 16. Analysis & Synthesis Messages



----------------
; Legal Notice ;
----------------
Copyright (C) 2018  Intel Corporation. All rights reserved.
Your use of Intel Corporation's design tools, logic functions 
and other software and tools, and its AMPP partner logic 
functions, and any output files from any of the foregoing 
(including device programming or simulation files), and any 
associated documentation or information are expressly subject 
to the terms and conditions of the Intel Program License 
Subscription Agreement, the Intel Quartus Prime License Agreement,
the Intel FPGA IP License Agreement, or other applicable license
agreement, including, without limitation, that your use is for
the sole purpose of programming logic devices manufactured by
Intel and sold by Intel or its authorized distributors.  Please
refer to the applicable agreement for further details.



+----------------------------------------------------------------------------------+
; Analysis & Synthesis Summary                                                     ;
+------------------------------------+---------------------------------------------+
<<<<<<< HEAD
; Analysis & Synthesis Status        ; Successful - Sat Oct 17 11:25:00 2020       ;
; Quartus Prime Version              ; 18.0.0 Build 614 04/24/2018 SJ Lite Edition ;
; Revision Name                      ; Multiplication                              ;
; Top-level Entity Name              ; toplevel                                    ;
; Family                             ; Cyclone IV E                                ;
; Total logic elements               ; 103                                         ;
;     Total combinational functions  ; 95                                          ;
;     Dedicated logic registers      ; 47                                          ;
; Total registers                    ; 47                                          ;
=======
; Analysis & Synthesis Status        ; Successful - Fri Oct 16 23:33:55 2020       ;
; Quartus Prime Version              ; 18.1.0 Build 625 09/12/2018 SJ Lite Edition ;
; Revision Name                      ; Multiplication                              ;
; Top-level Entity Name              ; toplevel                                    ;
; Family                             ; Cyclone IV E                                ;
; Total logic elements               ; 95                                          ;
;     Total combinational functions  ; 95                                          ;
;     Dedicated logic registers      ; 36                                          ;
; Total registers                    ; 36                                          ;
>>>>>>> 417fb817bae660e9708fc5600586f138f956582b
; Total pins                         ; 57                                          ;
; Total virtual pins                 ; 0                                           ;
; Total memory bits                  ; 0                                           ;
; Embedded Multiplier 9-bit elements ; 0                                           ;
; Total PLLs                         ; 0                                           ;
+------------------------------------+---------------------------------------------+


+------------------------------------------------------------------------------------------------------------+
; Analysis & Synthesis Settings                                                                              ;
+------------------------------------------------------------------+--------------------+--------------------+
; Option                                                           ; Setting            ; Default Value      ;
+------------------------------------------------------------------+--------------------+--------------------+
; Device                                                           ; EP4CE115F29C7      ;                    ;
; Top-level entity name                                            ; toplevel           ; Multiplication     ;
; Family name                                                      ; Cyclone IV E       ; Cyclone V          ;
; Use smart compilation                                            ; Off                ; Off                ;
; Enable parallel Assembler and Timing Analyzer during compilation ; On                 ; On                 ;
; Enable compact report table                                      ; Off                ; Off                ;
; Restructure Multiplexers                                         ; Auto               ; Auto               ;
; Create Debugging Nodes for IP Cores                              ; Off                ; Off                ;
; Preserve fewer node names                                        ; On                 ; On                 ;
; Intel FPGA IP Evaluation Mode                                    ; Enable             ; Enable             ;
; Verilog Version                                                  ; Verilog_2001       ; Verilog_2001       ;
; VHDL Version                                                     ; VHDL_1993          ; VHDL_1993          ;
; State Machine Processing                                         ; Auto               ; Auto               ;
; Safe State Machine                                               ; Off                ; Off                ;
; Extract Verilog State Machines                                   ; On                 ; On                 ;
; Extract VHDL State Machines                                      ; On                 ; On                 ;
; Ignore Verilog initial constructs                                ; Off                ; Off                ;
; Iteration limit for constant Verilog loops                       ; 5000               ; 5000               ;
; Iteration limit for non-constant Verilog loops                   ; 250                ; 250                ;
; Add Pass-Through Logic to Inferred RAMs                          ; On                 ; On                 ;
; Infer RAMs from Raw Logic                                        ; On                 ; On                 ;
; Parallel Synthesis                                               ; On                 ; On                 ;
; DSP Block Balancing                                              ; Auto               ; Auto               ;
; NOT Gate Push-Back                                               ; On                 ; On                 ;
; Power-Up Don't Care                                              ; On                 ; On                 ;
; Remove Redundant Logic Cells                                     ; Off                ; Off                ;
; Remove Duplicate Registers                                       ; On                 ; On                 ;
; Ignore CARRY Buffers                                             ; Off                ; Off                ;
; Ignore CASCADE Buffers                                           ; Off                ; Off                ;
; Ignore GLOBAL Buffers                                            ; Off                ; Off                ;
; Ignore ROW GLOBAL Buffers                                        ; Off                ; Off                ;
; Ignore LCELL Buffers                                             ; Off                ; Off                ;
; Ignore SOFT Buffers                                              ; On                 ; On                 ;
; Limit AHDL Integers to 32 Bits                                   ; Off                ; Off                ;
; Optimization Technique                                           ; Balanced           ; Balanced           ;
; Carry Chain Length                                               ; 70                 ; 70                 ;
; Auto Carry Chains                                                ; On                 ; On                 ;
; Auto Open-Drain Pins                                             ; On                 ; On                 ;
; Perform WYSIWYG Primitive Resynthesis                            ; Off                ; Off                ;
; Auto ROM Replacement                                             ; On                 ; On                 ;
; Auto RAM Replacement                                             ; On                 ; On                 ;
; Auto DSP Block Replacement                                       ; On                 ; On                 ;
; Auto Shift Register Replacement                                  ; Auto               ; Auto               ;
; Allow Shift Register Merging across Hierarchies                  ; Auto               ; Auto               ;
; Auto Clock Enable Replacement                                    ; On                 ; On                 ;
; Strict RAM Replacement                                           ; Off                ; Off                ;
; Allow Synchronous Control Signals                                ; On                 ; On                 ;
; Force Use of Synchronous Clear Signals                           ; Off                ; Off                ;
; Auto RAM Block Balancing                                         ; On                 ; On                 ;
; Auto RAM to Logic Cell Conversion                                ; Off                ; Off                ;
; Auto Resource Sharing                                            ; Off                ; Off                ;
; Allow Any RAM Size For Recognition                               ; Off                ; Off                ;
; Allow Any ROM Size For Recognition                               ; Off                ; Off                ;
; Allow Any Shift Register Size For Recognition                    ; Off                ; Off                ;
; Use LogicLock Constraints during Resource Balancing              ; On                 ; On                 ;
; Ignore translate_off and synthesis_off directives                ; Off                ; Off                ;
; Timing-Driven Synthesis                                          ; On                 ; On                 ;
; Report Parameter Settings                                        ; On                 ; On                 ;
; Report Source Assignments                                        ; On                 ; On                 ;
; Report Connectivity Checks                                       ; On                 ; On                 ;
; Ignore Maximum Fan-Out Assignments                               ; Off                ; Off                ;
; Synchronization Register Chain Length                            ; 2                  ; 2                  ;
; Power Optimization During Synthesis                              ; Normal compilation ; Normal compilation ;
; HDL message level                                                ; Level2             ; Level2             ;
; Suppress Register Optimization Related Messages                  ; Off                ; Off                ;
; Number of Removed Registers Reported in Synthesis Report         ; 5000               ; 5000               ;
; Number of Swept Nodes Reported in Synthesis Report               ; 5000               ; 5000               ;
; Number of Inverted Registers Reported in Synthesis Report        ; 100                ; 100                ;
; Clock MUX Protection                                             ; On                 ; On                 ;
; Auto Gated Clock Conversion                                      ; Off                ; Off                ;
; Block Design Naming                                              ; Auto               ; Auto               ;
; SDC constraint protection                                        ; Off                ; Off                ;
; Synthesis Effort                                                 ; Auto               ; Auto               ;
; Shift Register Replacement - Allow Asynchronous Clear Signal     ; On                 ; On                 ;
; Pre-Mapping Resynthesis Optimization                             ; Off                ; Off                ;
; Analysis & Synthesis Message Level                               ; Medium             ; Medium             ;
; Disable Register Merging Across Hierarchies                      ; Auto               ; Auto               ;
; Resource Aware Inference For Block RAM                           ; On                 ; On                 ;
+------------------------------------------------------------------+--------------------+--------------------+


+------------------------------------------+
; Parallel Compilation                     ;
+----------------------------+-------------+
; Processors                 ; Number      ;
+----------------------------+-------------+
; Number detected on machine ; 12          ;
; Maximum allowed            ; 6           ;
;                            ;             ;
; Average used               ; 1.00        ;
; Maximum used               ; 6           ;
;                            ;             ;
; Usage by Processor         ; % Time Used ;
;     Processor 1            ; 100.0%      ;
;     Processors 2-6         ;   0.0%      ;
+----------------------------+-------------+


<<<<<<< HEAD
+-----------------------------------------------------------------------------------------------------------------------------------------------------------+
; Analysis & Synthesis Source Files Read                                                                                                                    ;
+----------------------------------+-----------------+------------------------------+-------------------------------------------------------------+---------+
; File Name with User-Entered Path ; Used in Netlist ; File Type                    ; File Name with Absolute Path                                ; Library ;
+----------------------------------+-----------------+------------------------------+-------------------------------------------------------------+---------+
; toplevel.sv                      ; yes             ; User SystemVerilog HDL File  ; C:/Users/Administrator/Desktop/ECE385 lab5/toplevel.sv      ;         ;
; ADD_SUB9.sv                      ; yes             ; User SystemVerilog HDL File  ; C:/Users/Administrator/Desktop/ECE385 lab5/ADD_SUB9.sv      ;         ;
; full_adder.sv                    ; yes             ; User SystemVerilog HDL File  ; C:/Users/Administrator/Desktop/ECE385 lab5/full_adder.sv    ;         ;
; register_8bit.sv                 ; yes             ; User SystemVerilog HDL File  ; C:/Users/Administrator/Desktop/ECE385 lab5/register_8bit.sv ;         ;
; D_flipflop.sv                    ; yes             ; User SystemVerilog HDL File  ; C:/Users/Administrator/Desktop/ECE385 lab5/D_flipflop.sv    ;         ;
; HexDriver.sv                     ; yes             ; User SystemVerilog HDL File  ; C:/Users/Administrator/Desktop/ECE385 lab5/HexDriver.sv     ;         ;
; control.sv                       ; yes             ; User SystemVerilog HDL File  ; C:/Users/Administrator/Desktop/ECE385 lab5/control.sv       ;         ;
; Synchronizer.sv                  ; yes             ; User SystemVerilog HDL File  ; C:/Users/Administrator/Desktop/ECE385 lab5/Synchronizer.sv  ;         ;
+----------------------------------+-----------------+------------------------------+-------------------------------------------------------------+---------+
=======
+-----------------------------------------------------------------------------------------------------------------------------------------------+
; Analysis & Synthesis Source Files Read                                                                                                        ;
+----------------------------------+-----------------+------------------------------+-------------------------------------------------+---------+
; File Name with User-Entered Path ; Used in Netlist ; File Type                    ; File Name with Absolute Path                    ; Library ;
+----------------------------------+-----------------+------------------------------+-------------------------------------------------+---------+
; toplevel.sv                      ; yes             ; User SystemVerilog HDL File  ; D:/ece385/lab/lab5/ECE385 lab5/toplevel.sv      ;         ;
; ADD_SUB9.sv                      ; yes             ; User SystemVerilog HDL File  ; D:/ece385/lab/lab5/ECE385 lab5/ADD_SUB9.sv      ;         ;
; full_adder.sv                    ; yes             ; User SystemVerilog HDL File  ; D:/ece385/lab/lab5/ECE385 lab5/full_adder.sv    ;         ;
; register_8bit.sv                 ; yes             ; User SystemVerilog HDL File  ; D:/ece385/lab/lab5/ECE385 lab5/register_8bit.sv ;         ;
; D_flipflop.sv                    ; yes             ; User SystemVerilog HDL File  ; D:/ece385/lab/lab5/ECE385 lab5/D_flipflop.sv    ;         ;
; HexDriver.sv                     ; yes             ; User SystemVerilog HDL File  ; D:/ece385/lab/lab5/ECE385 lab5/HexDriver.sv     ;         ;
; control.sv                       ; yes             ; User SystemVerilog HDL File  ; D:/ece385/lab/lab5/ECE385 lab5/control.sv       ;         ;
+----------------------------------+-----------------+------------------------------+-------------------------------------------------+---------+
>>>>>>> 417fb817bae660e9708fc5600586f138f956582b


+---------------------------------------------------------+
; Analysis & Synthesis Resource Usage Summary             ;
+---------------------------------------------+-----------+
; Resource                                    ; Usage     ;
+---------------------------------------------+-----------+
<<<<<<< HEAD
; Estimated Total logic elements              ; 103       ;
;                                             ;           ;
; Total combinational functions               ; 95        ;
; Logic element usage by number of LUT inputs ;           ;
;     -- 4 input functions                    ; 67        ;
;     -- 3 input functions                    ; 7         ;
=======
; Estimated Total logic elements              ; 95        ;
;                                             ;           ;
; Total combinational functions               ; 95        ;
; Logic element usage by number of LUT inputs ;           ;
;     -- 4 input functions                    ; 69        ;
;     -- 3 input functions                    ; 5         ;
>>>>>>> 417fb817bae660e9708fc5600586f138f956582b
;     -- <=2 input functions                  ; 21        ;
;                                             ;           ;
; Logic elements by mode                      ;           ;
;     -- normal mode                          ; 95        ;
;     -- arithmetic mode                      ; 0         ;
;                                             ;           ;
; Total registers                             ; 36        ;
;     -- Dedicated logic registers            ; 36        ;
;     -- I/O registers                        ; 0         ;
;                                             ;           ;
; I/O pins                                    ; 57        ;
;                                             ;           ;
; Embedded Multiplier 9-bit elements          ; 0         ;
;                                             ;           ;
; Maximum fan-out node                        ; Clk~input ;
<<<<<<< HEAD
; Maximum fan-out                             ; 47        ;
; Total fan-out                               ; 549       ;
; Average fan-out                             ; 2.14      ;
=======
; Maximum fan-out                             ; 36        ;
; Total fan-out                               ; 532       ;
; Average fan-out                             ; 2.17      ;
>>>>>>> 417fb817bae660e9708fc5600586f138f956582b
+---------------------------------------------+-----------+


+------------------------------------------------------------------------------------------------------------------------------------------------------------------------------------------------------------------------------------+
; Analysis & Synthesis Resource Utilization by Entity                                                                                                                                                                                ;
+----------------------------+---------------------+---------------------------+-------------+--------------+---------+-----------+------+--------------+---------------------------------------------+---------------+--------------+
; Compilation Hierarchy Node ; Combinational ALUTs ; Dedicated Logic Registers ; Memory Bits ; DSP Elements ; DSP 9x9 ; DSP 18x18 ; Pins ; Virtual Pins ; Full Hierarchy Name                         ; Entity Name   ; Library Name ;
+----------------------------+---------------------+---------------------------+-------------+--------------+---------+-----------+------+--------------+---------------------------------------------+---------------+--------------+
<<<<<<< HEAD
; |toplevel                  ; 95 (0)              ; 47 (0)                    ; 0           ; 0            ; 0       ; 0         ; 57   ; 0            ; |toplevel                                   ; toplevel      ; work         ;
=======
; |toplevel                  ; 95 (3)              ; 36 (0)                    ; 0           ; 0            ; 0       ; 0         ; 57   ; 0            ; |toplevel                                   ; toplevel      ; work         ;
>>>>>>> 417fb817bae660e9708fc5600586f138f956582b
;    |ADD_SUB9:operation|    ; 16 (0)              ; 0 (0)                     ; 0           ; 0            ; 0       ; 0         ; 0    ; 0            ; |toplevel|ADD_SUB9:operation                ; ADD_SUB9      ; work         ;
;       |full_adder:FA0|     ; 2 (2)               ; 0 (0)                     ; 0           ; 0            ; 0       ; 0         ; 0    ; 0            ; |toplevel|ADD_SUB9:operation|full_adder:FA0 ; full_adder    ; work         ;
;       |full_adder:FA1|     ; 2 (2)               ; 0 (0)                     ; 0           ; 0            ; 0       ; 0         ; 0    ; 0            ; |toplevel|ADD_SUB9:operation|full_adder:FA1 ; full_adder    ; work         ;
;       |full_adder:FA2|     ; 2 (2)               ; 0 (0)                     ; 0           ; 0            ; 0       ; 0         ; 0    ; 0            ; |toplevel|ADD_SUB9:operation|full_adder:FA2 ; full_adder    ; work         ;
;       |full_adder:FA3|     ; 2 (2)               ; 0 (0)                     ; 0           ; 0            ; 0       ; 0         ; 0    ; 0            ; |toplevel|ADD_SUB9:operation|full_adder:FA3 ; full_adder    ; work         ;
;       |full_adder:FA4|     ; 2 (2)               ; 0 (0)                     ; 0           ; 0            ; 0       ; 0         ; 0    ; 0            ; |toplevel|ADD_SUB9:operation|full_adder:FA4 ; full_adder    ; work         ;
;       |full_adder:FA5|     ; 2 (2)               ; 0 (0)                     ; 0           ; 0            ; 0       ; 0         ; 0    ; 0            ; |toplevel|ADD_SUB9:operation|full_adder:FA5 ; full_adder    ; work         ;
;       |full_adder:FA6|     ; 2 (2)               ; 0 (0)                     ; 0           ; 0            ; 0       ; 0         ; 0    ; 0            ; |toplevel|ADD_SUB9:operation|full_adder:FA6 ; full_adder    ; work         ;
;       |full_adder:FA7|     ; 1 (1)               ; 0 (0)                     ; 0           ; 0            ; 0       ; 0         ; 0    ; 0            ; |toplevel|ADD_SUB9:operation|full_adder:FA7 ; full_adder    ; work         ;
;       |full_adder:FA8|     ; 1 (1)               ; 0 (0)                     ; 0           ; 0            ; 0       ; 0         ; 0    ; 0            ; |toplevel|ADD_SUB9:operation|full_adder:FA8 ; full_adder    ; work         ;
;    |Control:controlunit|   ; 28 (28)             ; 19 (19)                   ; 0           ; 0            ; 0       ; 0         ; 0    ; 0            ; |toplevel|Control:controlunit               ; Control       ; work         ;
;    |D_flipflop:Xmemory|    ; 1 (1)               ; 1 (1)                     ; 0           ; 0            ; 0       ; 0         ; 0    ; 0            ; |toplevel|D_flipflop:Xmemory                ; D_flipflop    ; work         ;
;    |HexDriver:HexAL|       ; 7 (7)               ; 0 (0)                     ; 0           ; 0            ; 0       ; 0         ; 0    ; 0            ; |toplevel|HexDriver:HexAL                   ; HexDriver     ; work         ;
;    |HexDriver:HexAU|       ; 7 (7)               ; 0 (0)                     ; 0           ; 0            ; 0       ; 0         ; 0    ; 0            ; |toplevel|HexDriver:HexAU                   ; HexDriver     ; work         ;
;    |HexDriver:HexBL|       ; 7 (7)               ; 0 (0)                     ; 0           ; 0            ; 0       ; 0         ; 0    ; 0            ; |toplevel|HexDriver:HexBL                   ; HexDriver     ; work         ;
;    |HexDriver:HexBU|       ; 7 (7)               ; 0 (0)                     ; 0           ; 0            ; 0       ; 0         ; 0    ; 0            ; |toplevel|HexDriver:HexBU                   ; HexDriver     ; work         ;
<<<<<<< HEAD
;    |control:controlunit|   ; 26 (26)             ; 19 (19)                   ; 0           ; 0            ; 0       ; 0         ; 0    ; 0            ; |toplevel|control:controlunit               ; control       ; work         ;
;    |register_8bit:Amemory| ; 11 (11)             ; 8 (8)                     ; 0           ; 0            ; 0       ; 0         ; 0    ; 0            ; |toplevel|register_8bit:Amemory             ; register_8bit ; work         ;
;    |register_8bit:Bmemory| ; 10 (10)             ; 8 (8)                     ; 0           ; 0            ; 0       ; 0         ; 0    ; 0            ; |toplevel|register_8bit:Bmemory             ; register_8bit ; work         ;
;    |sync:Din_sync[0]|      ; 0 (0)               ; 1 (1)                     ; 0           ; 0            ; 0       ; 0         ; 0    ; 0            ; |toplevel|sync:Din_sync[0]                  ; sync          ; work         ;
;    |sync:Din_sync[1]|      ; 0 (0)               ; 1 (1)                     ; 0           ; 0            ; 0       ; 0         ; 0    ; 0            ; |toplevel|sync:Din_sync[1]                  ; sync          ; work         ;
;    |sync:Din_sync[2]|      ; 0 (0)               ; 1 (1)                     ; 0           ; 0            ; 0       ; 0         ; 0    ; 0            ; |toplevel|sync:Din_sync[2]                  ; sync          ; work         ;
;    |sync:Din_sync[3]|      ; 0 (0)               ; 1 (1)                     ; 0           ; 0            ; 0       ; 0         ; 0    ; 0            ; |toplevel|sync:Din_sync[3]                  ; sync          ; work         ;
;    |sync:Din_sync[4]|      ; 0 (0)               ; 1 (1)                     ; 0           ; 0            ; 0       ; 0         ; 0    ; 0            ; |toplevel|sync:Din_sync[4]                  ; sync          ; work         ;
;    |sync:Din_sync[5]|      ; 0 (0)               ; 1 (1)                     ; 0           ; 0            ; 0       ; 0         ; 0    ; 0            ; |toplevel|sync:Din_sync[5]                  ; sync          ; work         ;
;    |sync:Din_sync[6]|      ; 0 (0)               ; 1 (1)                     ; 0           ; 0            ; 0       ; 0         ; 0    ; 0            ; |toplevel|sync:Din_sync[6]                  ; sync          ; work         ;
;    |sync:Din_sync[7]|      ; 0 (0)               ; 1 (1)                     ; 0           ; 0            ; 0       ; 0         ; 0    ; 0            ; |toplevel|sync:Din_sync[7]                  ; sync          ; work         ;
;    |sync:button_sync[0]|   ; 1 (1)               ; 1 (1)                     ; 0           ; 0            ; 0       ; 0         ; 0    ; 0            ; |toplevel|sync:button_sync[0]               ; sync          ; work         ;
;    |sync:button_sync[1]|   ; 1 (1)               ; 1 (1)                     ; 0           ; 0            ; 0       ; 0         ; 0    ; 0            ; |toplevel|sync:button_sync[1]               ; sync          ; work         ;
;    |sync:button_sync[2]|   ; 1 (1)               ; 1 (1)                     ; 0           ; 0            ; 0       ; 0         ; 0    ; 0            ; |toplevel|sync:button_sync[2]               ; sync          ; work         ;
=======
;    |register_8bit:Amemory| ; 9 (9)               ; 8 (8)                     ; 0           ; 0            ; 0       ; 0         ; 0    ; 0            ; |toplevel|register_8bit:Amemory             ; register_8bit ; work         ;
;    |register_8bit:Bmemory| ; 10 (10)             ; 8 (8)                     ; 0           ; 0            ; 0       ; 0         ; 0    ; 0            ; |toplevel|register_8bit:Bmemory             ; register_8bit ; work         ;
>>>>>>> 417fb817bae660e9708fc5600586f138f956582b
+----------------------------+---------------------+---------------------------+-------------+--------------+---------+-----------+------+--------------+---------------------------------------------+---------------+--------------+
Note: For table entries with two numbers listed, the numbers in parentheses indicate the number of resources of the given type used by the specific entity alone. The numbers listed outside of parentheses indicate the total resources of the given type used by the specific entity and all of its sub-entities in the hierarchy.


Encoding Type:  One-Hot
+-------------------------------------------------------------------------------------------------------------------------------------------------------------------------------------------------------------------------------------------------------------------------------------------------------------+
; State Machine - |toplevel|Control:controlunit|curr_state                                                                                                                                                                                                                                                    ;
+---------------+--------------+--------------+--------------+--------------+--------------+--------------+---------------+--------------+--------------+--------------+--------------+--------------+--------------+--------------+--------------+--------------+--------------+--------------+--------------+
; Name          ; curr_state.Z ; curr_state.R ; curr_state.Q ; curr_state.P ; curr_state.O ; curr_state.N ; curr_state.M_ ; curr_state.L ; curr_state.K ; curr_state.J ; curr_state.I ; curr_state.H ; curr_state.G ; curr_state.F ; curr_state.E ; curr_state.D ; curr_state.C ; curr_state.B ; curr_state.A ;
+---------------+--------------+--------------+--------------+--------------+--------------+--------------+---------------+--------------+--------------+--------------+--------------+--------------+--------------+--------------+--------------+--------------+--------------+--------------+--------------+
; curr_state.A  ; 0            ; 0            ; 0            ; 0            ; 0            ; 0            ; 0             ; 0            ; 0            ; 0            ; 0            ; 0            ; 0            ; 0            ; 0            ; 0            ; 0            ; 0            ; 0            ;
; curr_state.B  ; 0            ; 0            ; 0            ; 0            ; 0            ; 0            ; 0             ; 0            ; 0            ; 0            ; 0            ; 0            ; 0            ; 0            ; 0            ; 0            ; 0            ; 1            ; 1            ;
; curr_state.C  ; 0            ; 0            ; 0            ; 0            ; 0            ; 0            ; 0             ; 0            ; 0            ; 0            ; 0            ; 0            ; 0            ; 0            ; 0            ; 0            ; 1            ; 0            ; 1            ;
; curr_state.D  ; 0            ; 0            ; 0            ; 0            ; 0            ; 0            ; 0             ; 0            ; 0            ; 0            ; 0            ; 0            ; 0            ; 0            ; 0            ; 1            ; 0            ; 0            ; 1            ;
; curr_state.E  ; 0            ; 0            ; 0            ; 0            ; 0            ; 0            ; 0             ; 0            ; 0            ; 0            ; 0            ; 0            ; 0            ; 0            ; 1            ; 0            ; 0            ; 0            ; 1            ;
; curr_state.F  ; 0            ; 0            ; 0            ; 0            ; 0            ; 0            ; 0             ; 0            ; 0            ; 0            ; 0            ; 0            ; 0            ; 1            ; 0            ; 0            ; 0            ; 0            ; 1            ;
; curr_state.G  ; 0            ; 0            ; 0            ; 0            ; 0            ; 0            ; 0             ; 0            ; 0            ; 0            ; 0            ; 0            ; 1            ; 0            ; 0            ; 0            ; 0            ; 0            ; 1            ;
; curr_state.H  ; 0            ; 0            ; 0            ; 0            ; 0            ; 0            ; 0             ; 0            ; 0            ; 0            ; 0            ; 1            ; 0            ; 0            ; 0            ; 0            ; 0            ; 0            ; 1            ;
; curr_state.I  ; 0            ; 0            ; 0            ; 0            ; 0            ; 0            ; 0             ; 0            ; 0            ; 0            ; 1            ; 0            ; 0            ; 0            ; 0            ; 0            ; 0            ; 0            ; 1            ;
; curr_state.J  ; 0            ; 0            ; 0            ; 0            ; 0            ; 0            ; 0             ; 0            ; 0            ; 1            ; 0            ; 0            ; 0            ; 0            ; 0            ; 0            ; 0            ; 0            ; 1            ;
; curr_state.K  ; 0            ; 0            ; 0            ; 0            ; 0            ; 0            ; 0             ; 0            ; 1            ; 0            ; 0            ; 0            ; 0            ; 0            ; 0            ; 0            ; 0            ; 0            ; 1            ;
; curr_state.L  ; 0            ; 0            ; 0            ; 0            ; 0            ; 0            ; 0             ; 1            ; 0            ; 0            ; 0            ; 0            ; 0            ; 0            ; 0            ; 0            ; 0            ; 0            ; 1            ;
; curr_state.M_ ; 0            ; 0            ; 0            ; 0            ; 0            ; 0            ; 1             ; 0            ; 0            ; 0            ; 0            ; 0            ; 0            ; 0            ; 0            ; 0            ; 0            ; 0            ; 1            ;
; curr_state.N  ; 0            ; 0            ; 0            ; 0            ; 0            ; 1            ; 0             ; 0            ; 0            ; 0            ; 0            ; 0            ; 0            ; 0            ; 0            ; 0            ; 0            ; 0            ; 1            ;
; curr_state.O  ; 0            ; 0            ; 0            ; 0            ; 1            ; 0            ; 0             ; 0            ; 0            ; 0            ; 0            ; 0            ; 0            ; 0            ; 0            ; 0            ; 0            ; 0            ; 1            ;
; curr_state.P  ; 0            ; 0            ; 0            ; 1            ; 0            ; 0            ; 0             ; 0            ; 0            ; 0            ; 0            ; 0            ; 0            ; 0            ; 0            ; 0            ; 0            ; 0            ; 1            ;
; curr_state.Q  ; 0            ; 0            ; 1            ; 0            ; 0            ; 0            ; 0             ; 0            ; 0            ; 0            ; 0            ; 0            ; 0            ; 0            ; 0            ; 0            ; 0            ; 0            ; 1            ;
; curr_state.R  ; 0            ; 1            ; 0            ; 0            ; 0            ; 0            ; 0             ; 0            ; 0            ; 0            ; 0            ; 0            ; 0            ; 0            ; 0            ; 0            ; 0            ; 0            ; 1            ;
; curr_state.Z  ; 1            ; 0            ; 0            ; 0            ; 0            ; 0            ; 0             ; 0            ; 0            ; 0            ; 0            ; 0            ; 0            ; 0            ; 0            ; 0            ; 0            ; 0            ; 1            ;
+---------------+--------------+--------------+--------------+--------------+--------------+--------------+---------------+--------------+--------------+--------------+--------------+--------------+--------------+--------------+--------------+--------------+--------------+--------------+--------------+


+------------------------------------------------------------+
; Registers Removed During Synthesis                         ;
+---------------------------------------+--------------------+
; Register name                         ; Reason for Removal ;
+---------------------------------------+--------------------+
; Control:controlunit|curr_state~2      ; Lost fanout        ;
; Control:controlunit|curr_state~3      ; Lost fanout        ;
; Control:controlunit|curr_state~4      ; Lost fanout        ;
; Control:controlunit|curr_state~5      ; Lost fanout        ;
; Control:controlunit|curr_state~6      ; Lost fanout        ;
; Total Number of Removed Registers = 5 ;                    ;
+---------------------------------------+--------------------+


+------------------------------------------------------+
; General Register Statistics                          ;
+----------------------------------------------+-------+
; Statistic                                    ; Value ;
+----------------------------------------------+-------+
<<<<<<< HEAD
; Total registers                              ; 47    ;
=======
; Total registers                              ; 36    ;
>>>>>>> 417fb817bae660e9708fc5600586f138f956582b
; Number of registers using Synchronous Clear  ; 9     ;
; Number of registers using Synchronous Load   ; 0     ;
; Number of registers using Asynchronous Clear ; 0     ;
; Number of registers using Asynchronous Load  ; 0     ;
; Number of registers using Clock Enable       ; 16    ;
; Number of registers using Preset             ; 0     ;
+----------------------------------------------+-------+


+----------------------------------------------------------------------------------------------------------------------------------------------------------+
; Multiplexer Restructuring Statistics (Restructuring Performed)                                                                                           ;
+--------------------+-----------+---------------+----------------------+------------------------+------------+--------------------------------------------+
; Multiplexer Inputs ; Bus Width ; Baseline Area ; Area if Restructured ; Saving if Restructured ; Registered ; Example Multiplexer Output                 ;
+--------------------+-----------+---------------+----------------------+------------------------+------------+--------------------------------------------+
; 4:1                ; 8 bits    ; 16 LEs        ; 16 LEs               ; 0 LEs                  ; Yes        ; |toplevel|register_8bit:Amemory|dataout[0] ;
<<<<<<< HEAD
; 4:1                ; 8 bits    ; 16 LEs        ; 16 LEs               ; 0 LEs                  ; Yes        ; |toplevel|register_8bit:Bmemory|dataout[4] ;
=======
; 4:1                ; 8 bits    ; 16 LEs        ; 16 LEs               ; 0 LEs                  ; Yes        ; |toplevel|register_8bit:Bmemory|dataout[6] ;
>>>>>>> 417fb817bae660e9708fc5600586f138f956582b
+--------------------+-----------+---------------+----------------------+------------------------+------------+--------------------------------------------+


+---------------------------------------------------------------+
; Port Connectivity Checks: "ADD_SUB9:operation|full_adder:FA8" ;
+------+--------+----------+------------------------------------+
; Port ; Type   ; Severity ; Details                            ;
+------+--------+----------+------------------------------------+
; c    ; Output ; Info     ; Explicitly unconnected             ;
+------+--------+----------+------------------------------------+


+-------------------------------------------------------+
; Port Connectivity Checks: "register_8bit:Bmemory"     ;
+----------+--------+----------+------------------------+
; Port     ; Type   ; Severity ; Details                ;
+----------+--------+----------+------------------------+
; shiftout ; Output ; Info     ; Explicitly unconnected ;
+----------+--------+----------+------------------------+


+-----------------------------------------------------+
; Post-Synthesis Netlist Statistics for Top Partition ;
+-----------------------+-----------------------------+
; Type                  ; Count                       ;
+-----------------------+-----------------------------+
; boundary_port         ; 57                          ;
; cycloneiii_ff         ; 36                          ;
;     ENA               ; 8                           ;
;     ENA SCLR          ; 8                           ;
;     SCLR              ; 1                           ;
<<<<<<< HEAD
;     plain             ; 30                          ;
; cycloneiii_lcell_comb ; 99                          ;
;     normal            ; 99                          ;
;         1 data inputs ; 7                           ;
;         2 data inputs ; 18                          ;
;         3 data inputs ; 7                           ;
;         4 data inputs ; 67                          ;
;                       ;                             ;
; Max LUT depth         ; 9.00                        ;
; Average LUT depth     ; 2.89                        ;
=======
;     plain             ; 19                          ;
; cycloneiii_lcell_comb ; 99                          ;
;     normal            ; 99                          ;
;         1 data inputs ; 4                           ;
;         2 data inputs ; 21                          ;
;         3 data inputs ; 5                           ;
;         4 data inputs ; 69                          ;
;                       ;                             ;
; Max LUT depth         ; 9.00                        ;
; Average LUT depth     ; 3.49                        ;
>>>>>>> 417fb817bae660e9708fc5600586f138f956582b
+-----------------------+-----------------------------+


+-------------------------------+
; Elapsed Time Per Partition    ;
+----------------+--------------+
; Partition Name ; Elapsed Time ;
+----------------+--------------+
; Top            ; 00:00:00     ;
+----------------+--------------+


+-------------------------------+
; Analysis & Synthesis Messages ;
+-------------------------------+
Info: *******************************************************************
Info: Running Quartus Prime Analysis & Synthesis
<<<<<<< HEAD
    Info: Version 18.0.0 Build 614 04/24/2018 SJ Lite Edition
    Info: Processing started: Sat Oct 17 11:24:46 2020
=======
    Info: Version 18.1.0 Build 625 09/12/2018 SJ Lite Edition
    Info: Processing started: Fri Oct 16 23:33:45 2020
>>>>>>> 417fb817bae660e9708fc5600586f138f956582b
Info: Command: quartus_map --read_settings_files=on --write_settings_files=off Multiplication -c Multiplication
Warning (18236): Number of processors has not been specified which may cause overloading on shared machines.  Set the global assignment NUM_PARALLEL_PROCESSORS in your QSF to an appropriate value for best performance.
Info (20030): Parallel compilation is enabled and will use 6 of the 6 processors detected
Info (12021): Found 1 design units, including 1 entities, in source file testbench.sv
<<<<<<< HEAD
    Info (12023): Found entity 1: testbench File: C:/Users/Administrator/Desktop/ECE385 lab5/testbench.sv Line: 1
Info (12021): Found 1 design units, including 1 entities, in source file toplevel.sv
    Info (12023): Found entity 1: toplevel File: C:/Users/Administrator/Desktop/ECE385 lab5/toplevel.sv Line: 1
Info (12021): Found 1 design units, including 1 entities, in source file add_sub9.sv
    Info (12023): Found entity 1: ADD_SUB9 File: C:/Users/Administrator/Desktop/ECE385 lab5/ADD_SUB9.sv Line: 1
Info (12021): Found 1 design units, including 1 entities, in source file full_adder.sv
    Info (12023): Found entity 1: full_adder File: C:/Users/Administrator/Desktop/ECE385 lab5/full_adder.sv Line: 1
Info (12021): Found 1 design units, including 1 entities, in source file register_8bit.sv
    Info (12023): Found entity 1: register_8bit File: C:/Users/Administrator/Desktop/ECE385 lab5/register_8bit.sv Line: 2
Info (12021): Found 1 design units, including 1 entities, in source file d_flipflop.sv
    Info (12023): Found entity 1: D_flipflop File: C:/Users/Administrator/Desktop/ECE385 lab5/D_flipflop.sv Line: 1
Info (12021): Found 1 design units, including 1 entities, in source file hexdriver.sv
    Info (12023): Found entity 1: HexDriver File: C:/Users/Administrator/Desktop/ECE385 lab5/HexDriver.sv Line: 1
Info (12021): Found 1 design units, including 1 entities, in source file control.sv
    Info (12023): Found entity 1: control File: C:/Users/Administrator/Desktop/ECE385 lab5/control.sv Line: 1
Info (12021): Found 3 design units, including 3 entities, in source file synchronizer.sv
    Info (12023): Found entity 1: sync File: C:/Users/Administrator/Desktop/ECE385 lab5/Synchronizer.sv Line: 1
    Info (12023): Found entity 2: sync_r0 File: C:/Users/Administrator/Desktop/ECE385 lab5/Synchronizer.sv Line: 15
    Info (12023): Found entity 3: sync_r1 File: C:/Users/Administrator/Desktop/ECE385 lab5/Synchronizer.sv Line: 34
Info (12127): Elaborating entity "toplevel" for the top level hierarchy
Info (12128): Elaborating entity "control" for hierarchy "control:controlunit" File: C:/Users/Administrator/Desktop/ECE385 lab5/toplevel.sv Line: 24
Info (12128): Elaborating entity "register_8bit" for hierarchy "register_8bit:Amemory" File: C:/Users/Administrator/Desktop/ECE385 lab5/toplevel.sv Line: 34
Info (12128): Elaborating entity "D_flipflop" for hierarchy "D_flipflop:Xmemory" File: C:/Users/Administrator/Desktop/ECE385 lab5/toplevel.sv Line: 52
Info (12128): Elaborating entity "ADD_SUB9" for hierarchy "ADD_SUB9:operation" File: C:/Users/Administrator/Desktop/ECE385 lab5/toplevel.sv Line: 59
Info (12128): Elaborating entity "full_adder" for hierarchy "ADD_SUB9:operation|full_adder:FA0" File: C:/Users/Administrator/Desktop/ECE385 lab5/ADD_SUB9.sv Line: 13
Info (12128): Elaborating entity "HexDriver" for hierarchy "HexDriver:HexAL" File: C:/Users/Administrator/Desktop/ECE385 lab5/toplevel.sv Line: 63
Info (12128): Elaborating entity "sync" for hierarchy "sync:button_sync[0]" File: C:/Users/Administrator/Desktop/ECE385 lab5/toplevel.sv Line: 74
=======
    Info (12023): Found entity 1: testbench File: D:/ece385/lab/lab5/ECE385 lab5/testbench.sv Line: 1
Info (12021): Found 1 design units, including 1 entities, in source file toplevel.sv
    Info (12023): Found entity 1: toplevel File: D:/ece385/lab/lab5/ECE385 lab5/toplevel.sv Line: 1
Info (12021): Found 1 design units, including 1 entities, in source file add_sub9.sv
    Info (12023): Found entity 1: ADD_SUB9 File: D:/ece385/lab/lab5/ECE385 lab5/ADD_SUB9.sv Line: 1
Info (12021): Found 1 design units, including 1 entities, in source file full_adder.sv
    Info (12023): Found entity 1: full_adder File: D:/ece385/lab/lab5/ECE385 lab5/full_adder.sv Line: 1
Info (12021): Found 1 design units, including 1 entities, in source file register_8bit.sv
    Info (12023): Found entity 1: register_8bit File: D:/ece385/lab/lab5/ECE385 lab5/register_8bit.sv Line: 1
Info (12021): Found 1 design units, including 1 entities, in source file d_flipflop.sv
    Info (12023): Found entity 1: D_flipflop File: D:/ece385/lab/lab5/ECE385 lab5/D_flipflop.sv Line: 1
Info (12021): Found 1 design units, including 1 entities, in source file hexdriver.sv
    Info (12023): Found entity 1: HexDriver File: D:/ece385/lab/lab5/ECE385 lab5/HexDriver.sv Line: 1
Info (12021): Found 1 design units, including 1 entities, in source file control.sv
    Info (12023): Found entity 1: Control File: D:/ece385/lab/lab5/ECE385 lab5/control.sv Line: 1
Info (12021): Found 3 design units, including 3 entities, in source file synchronizer.sv
    Info (12023): Found entity 1: sync File: D:/ece385/lab/lab5/ECE385 lab5/Synchronizer.sv Line: 1
    Info (12023): Found entity 2: sync_r0 File: D:/ece385/lab/lab5/ECE385 lab5/Synchronizer.sv Line: 15
    Info (12023): Found entity 3: sync_r1 File: D:/ece385/lab/lab5/ECE385 lab5/Synchronizer.sv Line: 34
Info (12127): Elaborating entity "toplevel" for the top level hierarchy
Info (12128): Elaborating entity "register_8bit" for hierarchy "register_8bit:Amemory" File: D:/ece385/lab/lab5/ECE385 lab5/toplevel.sv Line: 26
Info (12128): Elaborating entity "D_flipflop" for hierarchy "D_flipflop:Xmemory" File: D:/ece385/lab/lab5/ECE385 lab5/toplevel.sv Line: 41
Info (12128): Elaborating entity "Control" for hierarchy "Control:controlunit" File: D:/ece385/lab/lab5/ECE385 lab5/toplevel.sv Line: 52
Info (10264): Verilog HDL Case Statement information at control.sv(44): all case item expressions in this case statement are onehot File: D:/ece385/lab/lab5/ECE385 lab5/control.sv Line: 44
Info (12128): Elaborating entity "ADD_SUB9" for hierarchy "ADD_SUB9:operation" File: D:/ece385/lab/lab5/ECE385 lab5/toplevel.sv Line: 59
Info (12128): Elaborating entity "full_adder" for hierarchy "ADD_SUB9:operation|full_adder:FA0" File: D:/ece385/lab/lab5/ECE385 lab5/ADD_SUB9.sv Line: 25
Info (12128): Elaborating entity "HexDriver" for hierarchy "HexDriver:HexAL" File: D:/ece385/lab/lab5/ECE385 lab5/toplevel.sv Line: 63
>>>>>>> 417fb817bae660e9708fc5600586f138f956582b
Info (286030): Timing-Driven Synthesis is running
Info (17049): 5 registers lost all their fanouts during netlist optimizations.
Info (16010): Generating hard_block partition "hard_block:auto_generated_inst"
    Info (16011): Adding 0 node(s), including 0 DDIO, 0 PLL, 0 transceiver and 0 LCELL
<<<<<<< HEAD
Info (21057): Implemented 160 device resources after synthesis - the final resource count might be different
    Info (21058): Implemented 12 input pins
    Info (21059): Implemented 45 output pins
    Info (21061): Implemented 103 logic cells
Info: Quartus Prime Analysis & Synthesis was successful. 0 errors, 1 warning
    Info: Peak virtual memory: 4771 megabytes
    Info: Processing ended: Sat Oct 17 11:25:00 2020
    Info: Elapsed time: 00:00:14
    Info: Total CPU time (on all processors): 00:00:28
=======
Info (21057): Implemented 152 device resources after synthesis - the final resource count might be different
    Info (21058): Implemented 12 input pins
    Info (21059): Implemented 45 output pins
    Info (21061): Implemented 95 logic cells
Info: Quartus Prime Analysis & Synthesis was successful. 0 errors, 1 warning
    Info: Peak virtual memory: 4819 megabytes
    Info: Processing ended: Fri Oct 16 23:33:55 2020
    Info: Elapsed time: 00:00:10
    Info: Total CPU time (on all processors): 00:00:20
>>>>>>> 417fb817bae660e9708fc5600586f138f956582b


