Flow report for Multiplication
<<<<<<< HEAD
Sat Oct 17 11:25:31 2020
Quartus Prime Version 18.0.0 Build 614 04/24/2018 SJ Lite Edition
=======
Fri Oct 16 23:33:55 2020
Quartus Prime Version 18.1.0 Build 625 09/12/2018 SJ Lite Edition
>>>>>>> 417fb817bae660e9708fc5600586f138f956582b


---------------------
; Table of Contents ;
---------------------
  1. Legal Notice
  2. Flow Summary
  3. Flow Settings
  4. Flow Non-Default Global Settings
  5. Flow Elapsed Time
  6. Flow OS Summary
  7. Flow Log
  8. Flow Messages
  9. Flow Suppressed Messages



----------------
; Legal Notice ;
----------------
Copyright (C) 2018  Intel Corporation. All rights reserved.
Your use of Intel Corporation's design tools, logic functions 
and other software and tools, and its AMPP partner logic 
functions, and any output files from any of the foregoing 
(including device programming or simulation files), and any 
associated documentation or information are expressly subject 
to the terms and conditions of the Intel Program License 
Subscription Agreement, the Intel Quartus Prime License Agreement,
the Intel FPGA IP License Agreement, or other applicable license
agreement, including, without limitation, that your use is for
the sole purpose of programming logic devices manufactured by
Intel and sold by Intel or its authorized distributors.  Please
refer to the applicable agreement for further details.



+----------------------------------------------------------------------------------+
; Flow Summary                                                                     ;
+------------------------------------+---------------------------------------------+
<<<<<<< HEAD
; Flow Status                        ; Successful - Sat Oct 17 11:25:31 2020       ;
; Quartus Prime Version              ; 18.0.0 Build 614 04/24/2018 SJ Lite Edition ;
=======
; Flow Status                        ; Successful - Fri Oct 16 23:33:55 2020       ;
; Quartus Prime Version              ; 18.1.0 Build 625 09/12/2018 SJ Lite Edition ;
>>>>>>> 417fb817bae660e9708fc5600586f138f956582b
; Revision Name                      ; Multiplication                              ;
; Top-level Entity Name              ; toplevel                                    ;
; Family                             ; Cyclone IV E                                ;
; Device                             ; EP4CE115F29C7                               ;
; Timing Models                      ; Final                                       ;
<<<<<<< HEAD
; Total logic elements               ; 99 / 114,480 ( < 1 % )                      ;
;     Total combinational functions  ; 95 / 114,480 ( < 1 % )                      ;
;     Dedicated logic registers      ; 47 / 114,480 ( < 1 % )                      ;
; Total registers                    ; 47                                          ;
; Total pins                         ; 57 / 529 ( 11 % )                           ;
=======
; Total logic elements               ; 95                                          ;
;     Total combinational functions  ; 95                                          ;
;     Dedicated logic registers      ; 36                                          ;
; Total registers                    ; 36                                          ;
; Total pins                         ; 57                                          ;
>>>>>>> 417fb817bae660e9708fc5600586f138f956582b
; Total virtual pins                 ; 0                                           ;
; Total memory bits                  ; 0 / 3,981,312 ( 0 % )                       ;
; Embedded Multiplier 9-bit elements ; 0 / 532 ( 0 % )                             ;
; Total PLLs                         ; 0 / 4 ( 0 % )                               ;
+------------------------------------+---------------------------------------------+


+-----------------------------------------+
; Flow Settings                           ;
+-------------------+---------------------+
; Option            ; Setting             ;
+-------------------+---------------------+
<<<<<<< HEAD
; Start date & time ; 10/17/2020 11:24:47 ;
=======
; Start date & time ; 10/16/2020 23:33:45 ;
>>>>>>> 417fb817bae660e9708fc5600586f138f956582b
; Main task         ; Compilation         ;
; Revision Name     ; Multiplication      ;
+-------------------+---------------------+


+-------------------------------------------------------------------------------------------------------------------------------+
; Flow Non-Default Global Settings                                                                                              ;
+--------------------------------------+----------------------------------------+----------------+-------------+----------------+
; Assignment Name                      ; Value                                  ; Default Value  ; Entity Name ; Section Id     ;
+--------------------------------------+----------------------------------------+----------------+-------------+----------------+
<<<<<<< HEAD
; COMPILER_SIGNATURE_ID                ; 154027281721376.160290508715012        ; --             ; --          ; --             ;
=======
; COMPILER_SIGNATURE_ID                ; 198696037295579.160286242511340        ; --             ; --          ; --             ;
>>>>>>> 417fb817bae660e9708fc5600586f138f956582b
; EDA_DESIGN_INSTANCE_NAME             ; NA                                     ; --             ; --          ; testbench      ;
; EDA_NATIVELINK_SIMULATION_TEST_BENCH ; testbench                              ; --             ; --          ; eda_simulation ;
; EDA_OUTPUT_DATA_FORMAT               ; Verilog Hdl                            ; --             ; --          ; eda_simulation ;
; EDA_SIMULATION_TOOL                  ; ModelSim-Altera (Verilog)              ; <None>         ; --          ; --             ;
; EDA_TEST_BENCH_ENABLE_STATUS         ; TEST_BENCH_MODE                        ; --             ; --          ; eda_simulation ;
; EDA_TEST_BENCH_FILE                  ; testbench.sv                           ; --             ; --          ; testbench      ;
; EDA_TEST_BENCH_MODULE_NAME           ; testbench                              ; --             ; --          ; testbench      ;
; EDA_TEST_BENCH_NAME                  ; testbench                              ; --             ; --          ; eda_simulation ;
; EDA_TEST_BENCH_RUN_SIM_FOR           ; 5000 ns                                ; --             ; --          ; testbench      ;
; EDA_TIME_SCALE                       ; 1 ns                                   ; --             ; --          ; eda_simulation ;
; MAX_CORE_JUNCTION_TEMP               ; 85                                     ; --             ; --          ; --             ;
; MIN_CORE_JUNCTION_TEMP               ; 0                                      ; --             ; --          ; --             ;
; NOMINAL_CORE_SUPPLY_VOLTAGE          ; 1.2V                                   ; --             ; --          ; --             ;
; PARTITION_COLOR                      ; -- (Not supported for targeted family) ; --             ; toplevel    ; Top            ;
; PARTITION_FITTER_PRESERVATION_LEVEL  ; -- (Not supported for targeted family) ; --             ; toplevel    ; Top            ;
; PARTITION_NETLIST_TYPE               ; -- (Not supported for targeted family) ; --             ; toplevel    ; Top            ;
; POWER_BOARD_THERMAL_MODEL            ; None (CONSERVATIVE)                    ; --             ; --          ; --             ;
; POWER_PRESET_COOLING_SOLUTION        ; 23 MM HEAT SINK WITH 200 LFPM AIRFLOW  ; --             ; --          ; --             ;
; PROJECT_OUTPUT_DIRECTORY             ; output_files                           ; --             ; --          ; --             ;
; TOP_LEVEL_ENTITY                     ; toplevel                               ; Multiplication ; --          ; --             ;
+--------------------------------------+----------------------------------------+----------------+-------------+----------------+


+--------------------------------------------------------------------------------------------------------------------------+
; Flow Elapsed Time                                                                                                        ;
+----------------------+--------------+-------------------------+---------------------+------------------------------------+
; Module Name          ; Elapsed Time ; Average Processors Used ; Peak Virtual Memory ; Total CPU Time (on all processors) ;
+----------------------+--------------+-------------------------+---------------------+------------------------------------+
<<<<<<< HEAD
; Analysis & Synthesis ; 00:00:14     ; 1.0                     ; 4771 MB             ; 00:00:28                           ;
; Fitter               ; 00:00:18     ; 1.0                     ; 5688 MB             ; 00:00:28                           ;
; Assembler            ; 00:00:04     ; 1.0                     ; 4685 MB             ; 00:00:04                           ;
; Timing Analyzer      ; 00:00:02     ; 1.0                     ; 4843 MB             ; 00:00:02                           ;
; EDA Netlist Writer   ; 00:00:01     ; 1.0                     ; 4654 MB             ; 00:00:01                           ;
; Total                ; 00:00:39     ; --                      ; --                  ; 00:01:03                           ;
=======
; Analysis & Synthesis ; 00:00:10     ; 1.0                     ; 4819 MB             ; 00:00:20                           ;
; Total                ; 00:00:10     ; --                      ; --                  ; 00:00:20                           ;
>>>>>>> 417fb817bae660e9708fc5600586f138f956582b
+----------------------+--------------+-------------------------+---------------------+------------------------------------+


+------------------------------------------------------------------------------------+
; Flow OS Summary                                                                    ;
+----------------------+------------------+------------+------------+----------------+
; Module Name          ; Machine Hostname ; OS Name    ; OS Version ; Processor type ;
+----------------------+------------------+------------+------------+----------------+
<<<<<<< HEAD
; Analysis & Synthesis ; Lxy的thinkpad    ; Windows 10 ; 10.0       ; x86_64         ;
; Fitter               ; Lxy的thinkpad    ; Windows 10 ; 10.0       ; x86_64         ;
; Assembler            ; Lxy的thinkpad    ; Windows 10 ; 10.0       ; x86_64         ;
; Timing Analyzer      ; Lxy的thinkpad    ; Windows 10 ; 10.0       ; x86_64         ;
; EDA Netlist Writer   ; Lxy的thinkpad    ; Windows 10 ; 10.0       ; x86_64         ;
=======
; Analysis & Synthesis ; LAPTOP-OHJK49M9  ; Windows 10 ; 10.0       ; x86_64         ;
>>>>>>> 417fb817bae660e9708fc5600586f138f956582b
+----------------------+------------------+------------+------------+----------------+


------------
; Flow Log ;
------------
quartus_map --read_settings_files=on --write_settings_files=off Multiplication -c Multiplication
quartus_fit --read_settings_files=off --write_settings_files=off Multiplication -c Multiplication
quartus_asm --read_settings_files=off --write_settings_files=off Multiplication -c Multiplication
quartus_sta Multiplication -c Multiplication
quartus_eda --read_settings_files=off --write_settings_files=off Multiplication -c Multiplication



